[2020-09-01 01:11:31,814] multiqc                                            [DEBUG  ]  No MultiQC config found: /opt/software/MultiQC/1.7-foss-2018b-Python-2.7.15/lib/python2.7/site-packages/multiqc_config.yaml
[2020-09-01 01:11:31,815] multiqc                                            [DEBUG  ]  No MultiQC config found: /home/jillashey/.multiqc_config.yaml
[2020-09-01 01:11:31,816] multiqc                                            [DEBUG  ]  No MultiQC config found: multiqc_config.yaml
[2020-09-01 01:11:31,817] multiqc                                            [DEBUG  ]  Command used: /opt/software/MultiQC/1.7-foss-2018b-Python-2.7.15/bin/multiqc /data/putnamlab/jillashey/Francois_data/Florida/fastqc_results/trimmed/18_T33_Of_VLL.fastq.trim_fastqc.zip /data/putnamlab/jillashey/Francois_data/Florida/fastqc_results/trimmed/19_T33_Ac_WK.fastq.trim_fastqc.zip /data/putnamlab/jillashey/Francois_data/Florida/fastqc_results/trimmed/20_T12_Mc_PWC.fastq.trim_fastqc.zip /data/putnamlab/jillashey/Francois_data/Florida/fastqc_results/trimmed/21_T33_Mc_EOU.fastq.trim_fastqc.zip /data/putnamlab/jillashey/Francois_data/Florida/fastqc_results/trimmed/24_T12_Ac_FM.fastq.trim_fastqc.zip /data/putnamlab/jillashey/Francois_data/Florida/fastqc_results/trimmed/26_T12_Of_WCL.fastq.trim_fastqc.zip /data/putnamlab/jillashey/Francois_data/Florida/fastqc_results/trimmed/29_T23_Mc_PND.fastq.trim_fastqc.zip /data/putnamlab/jillashey/Francois_data/Florida/fastqc_results/trimmed/30_T23_Of_RPG.fastq.trim_fastqc.zip /data/putnamlab/jillashey/Francois_data/Florida/fastqc_results/trimmed/31_T22_Ac_UV.fastq.trim_fastqc.zip /data/putnamlab/jillashey/Francois_data/Florida/fastqc_results/trimmed/32_T22_Of_EVR.fastq.trim_fastqc.zip /data/putnamlab/jillashey/Francois_data/Florida/fastqc_results/trimmed/33_T43_Mc_RFV.fastq.trim_fastqc.zip /data/putnamlab/jillashey/Francois_data/Florida/fastqc_results/trimmed/34_T22_Mc_SVS.fastq.trim_fastqc.zip /data/putnamlab/jillashey/Francois_data/Florida/fastqc_results/trimmed/35_T43_Ac_MT.fastq.trim_fastqc.zip /data/putnamlab/jillashey/Francois_data/Florida/fastqc_results/trimmed/36_T43_Of_JJN.fastq.trim_fastqc.zip /data/putnamlab/jillashey/Francois_data/Florida/fastqc_results/trimmed/37_T13_Ac_ML.fastq.trim_fastqc.zip /data/putnamlab/jillashey/Francois_data/Florida/fastqc_results/trimmed/38_T23_Ac_IN.fastq.trim_fastqc.zip /data/putnamlab/jillashey/Francois_data/Florida/fastqc_results/trimmed/39_T13_Mc_FJE.fastq.trim_fastqc.zip /data/putnamlab/jillashey/Francois_data/Florida/fastqc_results/trimmed/40_T13_Of_GWS.fastq.trim_fastqc.zip /data/putnamlab/jillashey/Francois_data/Florida/fastqc_results/trimmed/47_T31_Ac_JB.fastq.trim_fastqc.zip /data/putnamlab/jillashey/Francois_data/Florida/fastqc_results/trimmed/48_T31_Of_JNO.fastq.trim_fastqc.zip /data/putnamlab/jillashey/Francois_data/Florida/fastqc_results/trimmed/49_T31_Mc_SWQ.fastq.trim_fastqc.zip /data/putnamlab/jillashey/Francois_data/Florida/fastqc_results/trimmed/50_T21_Of_YZB.fastq.trim_fastqc.zip /data/putnamlab/jillashey/Francois_data/Florida/fastqc_results/trimmed/51_T42_Of_UOF.fastq.trim_fastqc.zip /data/putnamlab/jillashey/Francois_data/Florida/fastqc_results/trimmed/52_T11_Ac_II.fastq.trim_fastqc.zip /data/putnamlab/jillashey/Francois_data/Florida/fastqc_results/trimmed/53_T21_Ac_NH.fastq.trim_fastqc.zip /data/putnamlab/jillashey/Francois_data/Florida/fastqc_results/trimmed/54_T42_Ac_JQ.fastq.trim_fastqc.zip /data/putnamlab/jillashey/Francois_data/Florida/fastqc_results/trimmed/55_T32_Mc_TWP.fastq.trim_fastqc.zip /data/putnamlab/jillashey/Francois_data/Florida/fastqc_results/trimmed/56_T42_Mc_JAW.fastq.trim_fastqc.zip /data/putnamlab/jillashey/Francois_data/Florida/fastqc_results/trimmed/57_T32_Ac_NM.fastq.trim_fastqc.zip /data/putnamlab/jillashey/Francois_data/Florida/fastqc_results/trimmed/58_T21_Mc_EAH.fastq.trim_fastqc.zip /data/putnamlab/jillashey/Francois_data/Florida/fastqc_results/trimmed/59_T11_Of_TQP.fastq.trim_fastqc.zip /data/putnamlab/jillashey/Francois_data/Florida/fastqc_results/trimmed/60_T32_Of_WXY.fastq.trim_fastqc.zip /data/putnamlab/jillashey/Francois_data/Florida/fastqc_results/trimmed/61_T11_Mc_RAP.fastq.trim_fastqc.zip -o /data/putnamlab/jillashey/Francois_data/Florida/multiqc_results/trimmed
[2020-09-01 01:11:33,138] multiqc                                            [WARNING]  MultiQC Version v1.9 now available!
[2020-09-01 01:11:33,139] multiqc                                            [INFO   ]  This is MultiQC v1.7
[2020-09-01 01:11:33,139] multiqc                                            [DEBUG  ]  Command     : /opt/software/MultiQC/1.7-foss-2018b-Python-2.7.15/bin/multiqc /data/putnamlab/jillashey/Francois_data/Florida/fastqc_results/trimmed/18_T33_Of_VLL.fastq.trim_fastqc.zip /data/putnamlab/jillashey/Francois_data/Florida/fastqc_results/trimmed/19_T33_Ac_WK.fastq.trim_fastqc.zip /data/putnamlab/jillashey/Francois_data/Florida/fastqc_results/trimmed/20_T12_Mc_PWC.fastq.trim_fastqc.zip /data/putnamlab/jillashey/Francois_data/Florida/fastqc_results/trimmed/21_T33_Mc_EOU.fastq.trim_fastqc.zip /data/putnamlab/jillashey/Francois_data/Florida/fastqc_results/trimmed/24_T12_Ac_FM.fastq.trim_fastqc.zip /data/putnamlab/jillashey/Francois_data/Florida/fastqc_results/trimmed/26_T12_Of_WCL.fastq.trim_fastqc.zip /data/putnamlab/jillashey/Francois_data/Florida/fastqc_results/trimmed/29_T23_Mc_PND.fastq.trim_fastqc.zip /data/putnamlab/jillashey/Francois_data/Florida/fastqc_results/trimmed/30_T23_Of_RPG.fastq.trim_fastqc.zip /data/putnamlab/jillashey/Francois_data/Florida/fastqc_results/trimmed/31_T22_Ac_UV.fastq.trim_fastqc.zip /data/putnamlab/jillashey/Francois_data/Florida/fastqc_results/trimmed/32_T22_Of_EVR.fastq.trim_fastqc.zip /data/putnamlab/jillashey/Francois_data/Florida/fastqc_results/trimmed/33_T43_Mc_RFV.fastq.trim_fastqc.zip /data/putnamlab/jillashey/Francois_data/Florida/fastqc_results/trimmed/34_T22_Mc_SVS.fastq.trim_fastqc.zip /data/putnamlab/jillashey/Francois_data/Florida/fastqc_results/trimmed/35_T43_Ac_MT.fastq.trim_fastqc.zip /data/putnamlab/jillashey/Francois_data/Florida/fastqc_results/trimmed/36_T43_Of_JJN.fastq.trim_fastqc.zip /data/putnamlab/jillashey/Francois_data/Florida/fastqc_results/trimmed/37_T13_Ac_ML.fastq.trim_fastqc.zip /data/putnamlab/jillashey/Francois_data/Florida/fastqc_results/trimmed/38_T23_Ac_IN.fastq.trim_fastqc.zip /data/putnamlab/jillashey/Francois_data/Florida/fastqc_results/trimmed/39_T13_Mc_FJE.fastq.trim_fastqc.zip /data/putnamlab/jillashey/Francois_data/Florida/fastqc_results/trimmed/40_T13_Of_GWS.fastq.trim_fastqc.zip /data/putnamlab/jillashey/Francois_data/Florida/fastqc_results/trimmed/47_T31_Ac_JB.fastq.trim_fastqc.zip /data/putnamlab/jillashey/Francois_data/Florida/fastqc_results/trimmed/48_T31_Of_JNO.fastq.trim_fastqc.zip /data/putnamlab/jillashey/Francois_data/Florida/fastqc_results/trimmed/49_T31_Mc_SWQ.fastq.trim_fastqc.zip /data/putnamlab/jillashey/Francois_data/Florida/fastqc_results/trimmed/50_T21_Of_YZB.fastq.trim_fastqc.zip /data/putnamlab/jillashey/Francois_data/Florida/fastqc_results/trimmed/51_T42_Of_UOF.fastq.trim_fastqc.zip /data/putnamlab/jillashey/Francois_data/Florida/fastqc_results/trimmed/52_T11_Ac_II.fastq.trim_fastqc.zip /data/putnamlab/jillashey/Francois_data/Florida/fastqc_results/trimmed/53_T21_Ac_NH.fastq.trim_fastqc.zip /data/putnamlab/jillashey/Francois_data/Florida/fastqc_results/trimmed/54_T42_Ac_JQ.fastq.trim_fastqc.zip /data/putnamlab/jillashey/Francois_data/Florida/fastqc_results/trimmed/55_T32_Mc_TWP.fastq.trim_fastqc.zip /data/putnamlab/jillashey/Francois_data/Florida/fastqc_results/trimmed/56_T42_Mc_JAW.fastq.trim_fastqc.zip /data/putnamlab/jillashey/Francois_data/Florida/fastqc_results/trimmed/57_T32_Ac_NM.fastq.trim_fastqc.zip /data/putnamlab/jillashey/Francois_data/Florida/fastqc_results/trimmed/58_T21_Mc_EAH.fastq.trim_fastqc.zip /data/putnamlab/jillashey/Francois_data/Florida/fastqc_results/trimmed/59_T11_Of_TQP.fastq.trim_fastqc.zip /data/putnamlab/jillashey/Francois_data/Florida/fastqc_results/trimmed/60_T32_Of_WXY.fastq.trim_fastqc.zip /data/putnamlab/jillashey/Francois_data/Florida/fastqc_results/trimmed/61_T11_Mc_RAP.fastq.trim_fastqc.zip -o /data/putnamlab/jillashey/Francois_data/Florida/multiqc_results/trimmed
[2020-09-01 01:11:33,139] multiqc                                            [DEBUG  ]  Working dir : /data/putnamlab/jillashey/Francois_data/Florida/fastqc_results/trimmed
[2020-09-01 01:11:33,140] multiqc                                            [INFO   ]  Template    : default
[2020-09-01 01:11:33,140] multiqc                                            [INFO   ]  Searching '/data/putnamlab/jillashey/Francois_data/Florida/fastqc_results/trimmed/18_T33_Of_VLL.fastq.trim_fastqc.zip'
[2020-09-01 01:11:33,140] multiqc                                            [INFO   ]  Searching '/data/putnamlab/jillashey/Francois_data/Florida/fastqc_results/trimmed/19_T33_Ac_WK.fastq.trim_fastqc.zip'
[2020-09-01 01:11:33,140] multiqc                                            [INFO   ]  Searching '/data/putnamlab/jillashey/Francois_data/Florida/fastqc_results/trimmed/20_T12_Mc_PWC.fastq.trim_fastqc.zip'
[2020-09-01 01:11:33,141] multiqc                                            [INFO   ]  Searching '/data/putnamlab/jillashey/Francois_data/Florida/fastqc_results/trimmed/21_T33_Mc_EOU.fastq.trim_fastqc.zip'
[2020-09-01 01:11:33,141] multiqc                                            [INFO   ]  Searching '/data/putnamlab/jillashey/Francois_data/Florida/fastqc_results/trimmed/24_T12_Ac_FM.fastq.trim_fastqc.zip'
[2020-09-01 01:11:33,141] multiqc                                            [INFO   ]  Searching '/data/putnamlab/jillashey/Francois_data/Florida/fastqc_results/trimmed/26_T12_Of_WCL.fastq.trim_fastqc.zip'
[2020-09-01 01:11:33,141] multiqc                                            [INFO   ]  Searching '/data/putnamlab/jillashey/Francois_data/Florida/fastqc_results/trimmed/29_T23_Mc_PND.fastq.trim_fastqc.zip'
[2020-09-01 01:11:33,141] multiqc                                            [INFO   ]  Searching '/data/putnamlab/jillashey/Francois_data/Florida/fastqc_results/trimmed/30_T23_Of_RPG.fastq.trim_fastqc.zip'
[2020-09-01 01:11:33,141] multiqc                                            [INFO   ]  Searching '/data/putnamlab/jillashey/Francois_data/Florida/fastqc_results/trimmed/31_T22_Ac_UV.fastq.trim_fastqc.zip'
[2020-09-01 01:11:33,141] multiqc                                            [INFO   ]  Searching '/data/putnamlab/jillashey/Francois_data/Florida/fastqc_results/trimmed/32_T22_Of_EVR.fastq.trim_fastqc.zip'
[2020-09-01 01:11:33,142] multiqc                                            [INFO   ]  Searching '/data/putnamlab/jillashey/Francois_data/Florida/fastqc_results/trimmed/33_T43_Mc_RFV.fastq.trim_fastqc.zip'
[2020-09-01 01:11:33,142] multiqc                                            [INFO   ]  Searching '/data/putnamlab/jillashey/Francois_data/Florida/fastqc_results/trimmed/34_T22_Mc_SVS.fastq.trim_fastqc.zip'
[2020-09-01 01:11:33,142] multiqc                                            [INFO   ]  Searching '/data/putnamlab/jillashey/Francois_data/Florida/fastqc_results/trimmed/35_T43_Ac_MT.fastq.trim_fastqc.zip'
[2020-09-01 01:11:33,142] multiqc                                            [INFO   ]  Searching '/data/putnamlab/jillashey/Francois_data/Florida/fastqc_results/trimmed/36_T43_Of_JJN.fastq.trim_fastqc.zip'
[2020-09-01 01:11:33,142] multiqc                                            [INFO   ]  Searching '/data/putnamlab/jillashey/Francois_data/Florida/fastqc_results/trimmed/37_T13_Ac_ML.fastq.trim_fastqc.zip'
[2020-09-01 01:11:33,142] multiqc                                            [INFO   ]  Searching '/data/putnamlab/jillashey/Francois_data/Florida/fastqc_results/trimmed/38_T23_Ac_IN.fastq.trim_fastqc.zip'
[2020-09-01 01:11:33,142] multiqc                                            [INFO   ]  Searching '/data/putnamlab/jillashey/Francois_data/Florida/fastqc_results/trimmed/39_T13_Mc_FJE.fastq.trim_fastqc.zip'
[2020-09-01 01:11:33,142] multiqc                                            [INFO   ]  Searching '/data/putnamlab/jillashey/Francois_data/Florida/fastqc_results/trimmed/40_T13_Of_GWS.fastq.trim_fastqc.zip'
[2020-09-01 01:11:33,142] multiqc                                            [INFO   ]  Searching '/data/putnamlab/jillashey/Francois_data/Florida/fastqc_results/trimmed/47_T31_Ac_JB.fastq.trim_fastqc.zip'
[2020-09-01 01:11:33,142] multiqc                                            [INFO   ]  Searching '/data/putnamlab/jillashey/Francois_data/Florida/fastqc_results/trimmed/48_T31_Of_JNO.fastq.trim_fastqc.zip'
[2020-09-01 01:11:33,142] multiqc                                            [INFO   ]  Searching '/data/putnamlab/jillashey/Francois_data/Florida/fastqc_results/trimmed/49_T31_Mc_SWQ.fastq.trim_fastqc.zip'
[2020-09-01 01:11:33,143] multiqc                                            [INFO   ]  Searching '/data/putnamlab/jillashey/Francois_data/Florida/fastqc_results/trimmed/50_T21_Of_YZB.fastq.trim_fastqc.zip'
[2020-09-01 01:11:33,143] multiqc                                            [INFO   ]  Searching '/data/putnamlab/jillashey/Francois_data/Florida/fastqc_results/trimmed/51_T42_Of_UOF.fastq.trim_fastqc.zip'
[2020-09-01 01:11:33,143] multiqc                                            [INFO   ]  Searching '/data/putnamlab/jillashey/Francois_data/Florida/fastqc_results/trimmed/52_T11_Ac_II.fastq.trim_fastqc.zip'
[2020-09-01 01:11:33,143] multiqc                                            [INFO   ]  Searching '/data/putnamlab/jillashey/Francois_data/Florida/fastqc_results/trimmed/53_T21_Ac_NH.fastq.trim_fastqc.zip'
[2020-09-01 01:11:33,143] multiqc                                            [INFO   ]  Searching '/data/putnamlab/jillashey/Francois_data/Florida/fastqc_results/trimmed/54_T42_Ac_JQ.fastq.trim_fastqc.zip'
[2020-09-01 01:11:33,143] multiqc                                            [INFO   ]  Searching '/data/putnamlab/jillashey/Francois_data/Florida/fastqc_results/trimmed/55_T32_Mc_TWP.fastq.trim_fastqc.zip'
[2020-09-01 01:11:33,143] multiqc                                            [INFO   ]  Searching '/data/putnamlab/jillashey/Francois_data/Florida/fastqc_results/trimmed/56_T42_Mc_JAW.fastq.trim_fastqc.zip'
[2020-09-01 01:11:33,143] multiqc                                            [INFO   ]  Searching '/data/putnamlab/jillashey/Francois_data/Florida/fastqc_results/trimmed/57_T32_Ac_NM.fastq.trim_fastqc.zip'
[2020-09-01 01:11:33,143] multiqc                                            [INFO   ]  Searching '/data/putnamlab/jillashey/Francois_data/Florida/fastqc_results/trimmed/58_T21_Mc_EAH.fastq.trim_fastqc.zip'
[2020-09-01 01:11:33,143] multiqc                                            [INFO   ]  Searching '/data/putnamlab/jillashey/Francois_data/Florida/fastqc_results/trimmed/59_T11_Of_TQP.fastq.trim_fastqc.zip'
[2020-09-01 01:11:33,143] multiqc                                            [INFO   ]  Searching '/data/putnamlab/jillashey/Francois_data/Florida/fastqc_results/trimmed/60_T32_Of_WXY.fastq.trim_fastqc.zip'
[2020-09-01 01:11:33,144] multiqc                                            [INFO   ]  Searching '/data/putnamlab/jillashey/Francois_data/Florida/fastqc_results/trimmed/61_T11_Mc_RAP.fastq.trim_fastqc.zip'
[2020-09-01 01:11:33,144] multiqc                                            [DEBUG  ]  Analysing modules: custom_content, conpair, peddy, methylQA, phantompeakqualtools, qualimap, preseq, quast, qorts, rna_seqc, rsem, rseqc, busco, goleft_indexcov, disambiguate, supernova, deeptools, sargasso, verifybamid, mirtrace, happy, homer, macs2, theta2, snpeff, gatk, htseq, bcftools, featureCounts, dedup, damageprofiler, picard, prokka, samblaster, samtools, bamtools, jellyfish, vcftools, longranger, stacks, bbmap, bismark, biscuit, hicexplorer, hicup, hicpro, salmon, kallisto, slamdunk, star, hisat2, tophat, bowtie2, bowtie1, kat, leehom, adapterRemoval, clipandmerge, cutadapt, flexbar, trimmomatic, skewer, sortmerna, biobloomtools, fastq_screen, afterqc, fastp, fastqc, minionqc, clusterflow, bcl2fastq, interop, flash
[2020-09-01 01:11:33,144] multiqc                                            [DEBUG  ]  Using temporary directory for creating report: /tmp/tmp0VeKGF
[2020-09-01 01:11:33,559] multiqc                                            [DEBUG  ]  No samples found: custom_content
[2020-09-01 01:11:33,565] multiqc                                            [DEBUG  ]  No samples found: conpair
[2020-09-01 01:11:33,571] multiqc                                            [DEBUG  ]  No samples found: peddy
[2020-09-01 01:11:33,576] multiqc                                            [DEBUG  ]  No samples found: methylQA
[2020-09-01 01:11:33,581] multiqc                                            [DEBUG  ]  No samples found: phantompeakqualtools
[2020-09-01 01:11:33,587] multiqc                                            [DEBUG  ]  No samples found: qualimap
[2020-09-01 01:11:33,592] multiqc                                            [DEBUG  ]  No samples found: preseq
[2020-09-01 01:11:33,598] multiqc                                            [DEBUG  ]  No samples found: quast
[2020-09-01 01:11:33,603] multiqc                                            [DEBUG  ]  No samples found: qorts
[2020-09-01 01:11:33,608] multiqc                                            [DEBUG  ]  No samples found: rna_seqc
[2020-09-01 01:11:33,613] multiqc                                            [DEBUG  ]  No samples found: rsem
[2020-09-01 01:11:33,620] multiqc                                            [DEBUG  ]  No samples found: rseqc
[2020-09-01 01:11:33,625] multiqc                                            [DEBUG  ]  No samples found: busco
[2020-09-01 01:11:33,630] multiqc                                            [DEBUG  ]  No samples found: goleft_indexcov
[2020-09-01 01:11:33,636] multiqc                                            [DEBUG  ]  No samples found: disambiguate
[2020-09-01 01:11:33,641] multiqc                                            [DEBUG  ]  No samples found: supernova
[2020-09-01 01:11:33,648] multiqc                                            [DEBUG  ]  No samples found: deeptools
[2020-09-01 01:11:33,653] multiqc                                            [DEBUG  ]  No samples found: sargasso
[2020-09-01 01:11:33,658] multiqc                                            [DEBUG  ]  No samples found: verifybamid
[2020-09-01 01:11:33,664] multiqc                                            [DEBUG  ]  No samples found: mirtrace
[2020-09-01 01:11:33,669] multiqc                                            [DEBUG  ]  No samples found: happy
[2020-09-01 01:11:33,675] multiqc                                            [DEBUG  ]  No samples found: homer
[2020-09-01 01:11:33,680] multiqc                                            [DEBUG  ]  No samples found: macs2
[2020-09-01 01:11:33,686] multiqc                                            [DEBUG  ]  No samples found: theta2
[2020-09-01 01:11:33,691] multiqc                                            [DEBUG  ]  No samples found: snpeff
[2020-09-01 01:11:33,697] multiqc                                            [DEBUG  ]  No samples found: gatk
[2020-09-01 01:11:33,702] multiqc                                            [DEBUG  ]  No samples found: htseq
[2020-09-01 01:11:33,708] multiqc                                            [DEBUG  ]  No samples found: bcftools
[2020-09-01 01:11:33,713] multiqc                                            [DEBUG  ]  No samples found: featureCounts
[2020-09-01 01:11:33,718] multiqc                                            [DEBUG  ]  No samples found: dedup
[2020-09-01 01:11:33,723] multiqc                                            [DEBUG  ]  No samples found: damageprofiler
[2020-09-01 01:11:33,730] multiqc                                            [DEBUG  ]  No samples found: picard
[2020-09-01 01:11:33,736] multiqc                                            [DEBUG  ]  No samples found: prokka
[2020-09-01 01:11:33,741] multiqc                                            [DEBUG  ]  No samples found: samblaster
[2020-09-01 01:11:33,747] multiqc                                            [DEBUG  ]  No samples found: samtools
[2020-09-01 01:11:33,752] multiqc                                            [DEBUG  ]  No samples found: bamtools
[2020-09-01 01:11:33,757] multiqc                                            [DEBUG  ]  No samples found: jellyfish
[2020-09-01 01:11:33,763] multiqc                                            [DEBUG  ]  No samples found: vcftools
[2020-09-01 01:11:33,768] multiqc                                            [DEBUG  ]  No samples found: longranger
[2020-09-01 01:11:33,774] multiqc                                            [DEBUG  ]  No samples found: stacks
[2020-09-01 01:11:33,781] multiqc                                            [DEBUG  ]  No samples found: bbmap
[2020-09-01 01:11:33,786] multiqc                                            [DEBUG  ]  No samples found: bismark
[2020-09-01 01:11:33,792] multiqc                                            [DEBUG  ]  No samples found: biscuit
[2020-09-01 01:11:33,797] multiqc                                            [DEBUG  ]  No samples found: hicexplorer
[2020-09-01 01:11:33,802] multiqc                                            [DEBUG  ]  No samples found: hicup
[2020-09-01 01:11:33,807] multiqc                                            [DEBUG  ]  No samples found: hicpro
[2020-09-01 01:11:33,813] multiqc                                            [DEBUG  ]  No samples found: salmon
[2020-09-01 01:11:33,818] multiqc                                            [DEBUG  ]  No samples found: kallisto
[2020-09-01 01:11:33,823] multiqc                                            [DEBUG  ]  No samples found: slamdunk
[2020-09-01 01:11:33,829] multiqc                                            [DEBUG  ]  No samples found: star
[2020-09-01 01:11:33,834] multiqc                                            [DEBUG  ]  No samples found: hisat2
[2020-09-01 01:11:33,839] multiqc                                            [DEBUG  ]  No samples found: tophat
[2020-09-01 01:11:33,845] multiqc                                            [DEBUG  ]  No samples found: bowtie2
[2020-09-01 01:11:33,850] multiqc                                            [DEBUG  ]  No samples found: bowtie1
[2020-09-01 01:11:33,855] multiqc                                            [DEBUG  ]  No samples found: kat
[2020-09-01 01:11:33,860] multiqc                                            [DEBUG  ]  No samples found: leehom
[2020-09-01 01:11:33,865] multiqc                                            [DEBUG  ]  No samples found: adapterRemoval
[2020-09-01 01:11:33,871] multiqc                                            [DEBUG  ]  No samples found: clipandmerge
[2020-09-01 01:11:33,876] multiqc                                            [DEBUG  ]  No samples found: cutadapt
[2020-09-01 01:11:33,881] multiqc                                            [DEBUG  ]  No samples found: flexbar
[2020-09-01 01:11:33,886] multiqc                                            [DEBUG  ]  No samples found: trimmomatic
[2020-09-01 01:11:33,891] multiqc                                            [DEBUG  ]  No samples found: skewer
[2020-09-01 01:11:33,897] multiqc                                            [DEBUG  ]  No samples found: sortmerna
[2020-09-01 01:11:33,902] multiqc                                            [DEBUG  ]  No samples found: biobloomtools
[2020-09-01 01:11:33,907] multiqc                                            [DEBUG  ]  No samples found: fastq_screen
[2020-09-01 01:11:33,912] multiqc                                            [DEBUG  ]  No samples found: afterqc
[2020-09-01 01:11:33,918] multiqc                                            [DEBUG  ]  No samples found: fastp
[2020-09-01 01:11:38,578] multiqc.modules.fastqc.fastqc                      [INFO   ]  Found 33 reports
[2020-09-01 01:11:40,018] multiqc                                            [DEBUG  ]  No samples found: minionqc
[2020-09-01 01:11:40,022] multiqc                                            [DEBUG  ]  No samples found: clusterflow
[2020-09-01 01:11:40,027] multiqc                                            [DEBUG  ]  No samples found: bcl2fastq
[2020-09-01 01:11:40,031] multiqc                                            [DEBUG  ]  No samples found: interop
[2020-09-01 01:11:40,035] multiqc                                            [DEBUG  ]  No samples found: flash
[2020-09-01 01:11:40,083] multiqc                                            [INFO   ]  Compressing plot data
[2020-09-01 01:11:41,617] multiqc                                            [INFO   ]  Report      : ../../multiqc_results/trimmed/multiqc_report.html
[2020-09-01 01:11:41,618] multiqc                                            [INFO   ]  Data        : ../../multiqc_results/trimmed/multiqc_data
[2020-09-01 01:11:41,747] multiqc                                            [DEBUG  ]  Moving data file from '/tmp/tmp0VeKGF/multiqc_data/multiqc_sources.txt' to '/data/putnamlab/jillashey/Francois_data/Florida/multiqc_results/trimmed/multiqc_data'
[2020-09-01 01:11:41,770] multiqc                                            [DEBUG  ]  Moving data file from '/tmp/tmp0VeKGF/multiqc_data/multiqc_general_stats.txt' to '/data/putnamlab/jillashey/Francois_data/Florida/multiqc_results/trimmed/multiqc_data'
[2020-09-01 01:11:41,793] multiqc                                            [DEBUG  ]  Moving data file from '/tmp/tmp0VeKGF/multiqc_data/multiqc_data.json' to '/data/putnamlab/jillashey/Francois_data/Florida/multiqc_results/trimmed/multiqc_data'
[2020-09-01 01:11:41,835] multiqc                                            [DEBUG  ]  Moving data file from '/tmp/tmp0VeKGF/multiqc_data/multiqc_fastqc.txt' to '/data/putnamlab/jillashey/Francois_data/Florida/multiqc_results/trimmed/multiqc_data'
[2020-09-01 01:11:42,145] multiqc                                            [INFO   ]  MultiQC complete
