INFO [2022-03-16 23:38:21] $x
INFO [2022-03-16 23:38:21] list(A.cervicornis = acerv_ortho$Orthogroup, M.cavernosa = mcav_ortho$Orthogroup, 
INFO [2022-03-16 23:38:21]     O.faveolata = ofav_ortho$Orthogroup, M.capitata = mcap_ortho$Orthogroup, 
INFO [2022-03-16 23:38:21]     P.acuta = pacuta_ortho$Orthogroup, P.lobata = plob_ortho$Orthogroup)
INFO [2022-03-16 23:38:21] 
INFO [2022-03-16 23:38:21] $filename
INFO [2022-03-16 23:38:21] [1] "Output/Figs/Venn/venn_Orthogroup_20220316.png"
INFO [2022-03-16 23:38:21] 
INFO [2022-03-16 23:38:21] $col
INFO [2022-03-16 23:38:21] [1] "black"
INFO [2022-03-16 23:38:21] 
INFO [2022-03-16 23:38:21] $fill
INFO [2022-03-16 23:38:21] c("dodgerblue", "goldenrod1", "darkorange1", "seagreen3", "orchid3", 
INFO [2022-03-16 23:38:21]     "gray28")
INFO [2022-03-16 23:38:21] 
INFO [2022-03-16 23:38:21] $alpha
INFO [2022-03-16 23:38:21] [1] 0.5
INFO [2022-03-16 23:38:21] 
INFO [2022-03-16 23:38:21] $cex
INFO [2022-03-16 23:38:21] c(1.5, 1.5, 1.5, 1.5, 1.5, 1, 0.8, 1, 0.8, 1, 0.8, 1, 0.8, 1, 
INFO [2022-03-16 23:38:21]     0.8, 1, 0.55, 1, 0.55, 1, 0.55, 1, 0.55, 1, 0.55, 1, 1, 1, 
INFO [2022-03-16 23:38:21]     1, 1, 1.5)
INFO [2022-03-16 23:38:21] 
INFO [2022-03-16 23:38:21] $cat.col
INFO [2022-03-16 23:38:21] c("dodgerblue", "goldenrod1", "darkorange1", "seagreen3", "orchid3", 
INFO [2022-03-16 23:38:21]     "gray28")
INFO [2022-03-16 23:38:21] 
INFO [2022-03-16 23:38:21] $cat.cex
INFO [2022-03-16 23:38:21] [1] 1.5
INFO [2022-03-16 23:38:21] 
INFO [2022-03-16 23:38:21] $cat.fontface
INFO [2022-03-16 23:38:21] [1] "bold"
INFO [2022-03-16 23:38:21] 
INFO [2022-03-16 23:38:21] $margin
INFO [2022-03-16 23:38:21] [1] 0.1
INFO [2022-03-16 23:38:21] 
ERROR [2022-03-16 23:38:21] Incorrect number of elements.
