INFO [2022-01-21 19:32:52] $x
INFO [2022-01-21 19:32:52] list(A.cervicornis = acerv$GO.IDs, M.cavernosa = mcav$GO.IDs, 
INFO [2022-01-21 19:32:52]     O.faveolata = ofav$GO.IDs, P.acuta = pacuta$GO.IDs, P.lobata = plob$GO.IDs)
INFO [2022-01-21 19:32:52] 
INFO [2022-01-21 19:32:52] $filename
INFO [2022-01-21 19:32:52] [1] "Output/Figs/venn_GO.BP.png"
INFO [2022-01-21 19:32:52] 
INFO [2022-01-21 19:32:52] $col
INFO [2022-01-21 19:32:52] [1] "black"
INFO [2022-01-21 19:32:52] 
INFO [2022-01-21 19:32:52] $fill
INFO [2022-01-21 19:32:52] c("dodgerblue", "goldenrod1", "darkorange1", "seagreen3", "orchid3")
INFO [2022-01-21 19:32:52] 
INFO [2022-01-21 19:32:52] $alpha
INFO [2022-01-21 19:32:52] [1] 0.5
INFO [2022-01-21 19:32:52] 
INFO [2022-01-21 19:32:52] $cex
INFO [2022-01-21 19:32:52] c(1.5, 1.5, 1.5, 1.5, 1.5, 1, 0.8, 1, 0.8, 1, 0.8, 1, 0.8, 1, 
INFO [2022-01-21 19:32:52]     0.8, 1, 0.55, 1, 0.55, 1, 0.55, 1, 0.55, 1, 0.55, 1, 1, 1, 
INFO [2022-01-21 19:32:52]     1, 1, 1.5)
INFO [2022-01-21 19:32:52] 
INFO [2022-01-21 19:32:52] $cat.col
INFO [2022-01-21 19:32:52] c("dodgerblue", "goldenrod1", "darkorange1", "seagreen3", "orchid3")
INFO [2022-01-21 19:32:52] 
INFO [2022-01-21 19:32:52] $cat.cex
INFO [2022-01-21 19:32:52] [1] 1.5
INFO [2022-01-21 19:32:52] 
INFO [2022-01-21 19:32:52] $cat.fontface
INFO [2022-01-21 19:32:52] [1] "bold"
INFO [2022-01-21 19:32:52] 
INFO [2022-01-21 19:32:52] $margin
INFO [2022-01-21 19:32:52] [1] 0.1
INFO [2022-01-21 19:32:52] 
