INFO [2022-01-25 14:37:44] $x
INFO [2022-01-25 14:37:44] list(A.cervicornis = acerv$GO.IDs, M.cavernosa = mcav$GO.IDs, 
INFO [2022-01-25 14:37:44]     O.faveolata = ofav$GO.IDs, P.acuta = pacuta$GO.IDs, P.lobata = plob$GO.IDs)
INFO [2022-01-25 14:37:44] 
INFO [2022-01-25 14:37:44] $filename
INFO [2022-01-25 14:37:44] [1] "Output/Figs/Venn/venn_GO.MF.png"
INFO [2022-01-25 14:37:44] 
INFO [2022-01-25 14:37:44] $col
INFO [2022-01-25 14:37:44] [1] "black"
INFO [2022-01-25 14:37:44] 
INFO [2022-01-25 14:37:44] $fill
INFO [2022-01-25 14:37:44] c("dodgerblue", "goldenrod1", "darkorange1", "seagreen3", "orchid3")
INFO [2022-01-25 14:37:44] 
INFO [2022-01-25 14:37:44] $alpha
INFO [2022-01-25 14:37:44] [1] 0.5
INFO [2022-01-25 14:37:44] 
INFO [2022-01-25 14:37:44] $cex
INFO [2022-01-25 14:37:44] c(1.5, 1.5, 1.5, 1.5, 1.5, 1, 0.8, 1, 0.8, 1, 0.8, 1, 0.8, 1, 
INFO [2022-01-25 14:37:44]     0.8, 1, 0.55, 1, 0.55, 1, 0.55, 1, 0.55, 1, 0.55, 1, 1, 1, 
INFO [2022-01-25 14:37:44]     1, 1, 1.5)
INFO [2022-01-25 14:37:44] 
INFO [2022-01-25 14:37:44] $cat.col
INFO [2022-01-25 14:37:44] c("dodgerblue", "goldenrod1", "darkorange1", "seagreen3", "orchid3")
INFO [2022-01-25 14:37:44] 
INFO [2022-01-25 14:37:44] $cat.cex
INFO [2022-01-25 14:37:44] [1] 1.5
INFO [2022-01-25 14:37:44] 
INFO [2022-01-25 14:37:44] $cat.fontface
INFO [2022-01-25 14:37:44] [1] "bold"
INFO [2022-01-25 14:37:44] 
INFO [2022-01-25 14:37:44] $margin
INFO [2022-01-25 14:37:44] [1] 0.1
INFO [2022-01-25 14:37:44] 
