INFO [2022-01-25 14:37:41] $x
INFO [2022-01-25 14:37:41] list(A.cervicornis = acerv$GO.IDs, M.cavernosa = mcav$GO.IDs, 
INFO [2022-01-25 14:37:41]     O.faveolata = ofav$GO.IDs, P.acuta = pacuta$GO.IDs, P.lobata = plob$GO.IDs)
INFO [2022-01-25 14:37:41] 
INFO [2022-01-25 14:37:41] $filename
INFO [2022-01-25 14:37:41] [1] "Output/Figs/Venn/venn_GO.CC.png"
INFO [2022-01-25 14:37:41] 
INFO [2022-01-25 14:37:41] $col
INFO [2022-01-25 14:37:41] [1] "black"
INFO [2022-01-25 14:37:41] 
INFO [2022-01-25 14:37:41] $fill
INFO [2022-01-25 14:37:41] c("dodgerblue", "goldenrod1", "darkorange1", "seagreen3", "orchid3")
INFO [2022-01-25 14:37:41] 
INFO [2022-01-25 14:37:41] $alpha
INFO [2022-01-25 14:37:41] [1] 0.5
INFO [2022-01-25 14:37:41] 
INFO [2022-01-25 14:37:41] $cex
INFO [2022-01-25 14:37:41] c(1.5, 1.5, 1.5, 1.5, 1.5, 1, 0.8, 1, 0.8, 1, 0.8, 1, 0.8, 1, 
INFO [2022-01-25 14:37:41]     0.8, 1, 0.55, 1, 0.55, 1, 0.55, 1, 0.55, 1, 0.55, 1, 1, 1, 
INFO [2022-01-25 14:37:41]     1, 1, 1.5)
INFO [2022-01-25 14:37:41] 
INFO [2022-01-25 14:37:41] $cat.col
INFO [2022-01-25 14:37:41] c("dodgerblue", "goldenrod1", "darkorange1", "seagreen3", "orchid3")
INFO [2022-01-25 14:37:41] 
INFO [2022-01-25 14:37:41] $cat.cex
INFO [2022-01-25 14:37:41] [1] 1.5
INFO [2022-01-25 14:37:41] 
INFO [2022-01-25 14:37:41] $cat.fontface
INFO [2022-01-25 14:37:41] [1] "bold"
INFO [2022-01-25 14:37:41] 
INFO [2022-01-25 14:37:41] $margin
INFO [2022-01-25 14:37:41] [1] 0.1
INFO [2022-01-25 14:37:41] 
