INFO [2022-01-28 16:40:42] $x
INFO [2022-01-28 16:40:42] list(A.cervicornis = acerv$Orthogroup, M.cavernosa = mcav$Orthogroup, 
INFO [2022-01-28 16:40:42]     O.faveolata = ofav$Orthogroup, P.acuta = pacuta$Orthogroup, 
INFO [2022-01-28 16:40:42]     P.lobata = plob$Orthogroup)
INFO [2022-01-28 16:40:42] 
INFO [2022-01-28 16:40:42] $filename
INFO [2022-01-28 16:40:42] [1] "Output/Figs/Venn/venn_Orthogroup.png"
INFO [2022-01-28 16:40:42] 
INFO [2022-01-28 16:40:42] $col
INFO [2022-01-28 16:40:42] [1] "black"
INFO [2022-01-28 16:40:42] 
INFO [2022-01-28 16:40:42] $fill
INFO [2022-01-28 16:40:42] c("dodgerblue", "goldenrod1", "darkorange1", "seagreen3", "orchid3")
INFO [2022-01-28 16:40:42] 
INFO [2022-01-28 16:40:42] $alpha
INFO [2022-01-28 16:40:42] [1] 0.5
INFO [2022-01-28 16:40:42] 
INFO [2022-01-28 16:40:42] $cex
INFO [2022-01-28 16:40:42] c(1.5, 1.5, 1.5, 1.5, 1.5, 1, 0.8, 1, 0.8, 1, 0.8, 1, 0.8, 1, 
INFO [2022-01-28 16:40:42]     0.8, 1, 0.55, 1, 0.55, 1, 0.55, 1, 0.55, 1, 0.55, 1, 1, 1, 
INFO [2022-01-28 16:40:42]     1, 1, 1.5)
INFO [2022-01-28 16:40:42] 
INFO [2022-01-28 16:40:42] $cat.col
INFO [2022-01-28 16:40:42] c("dodgerblue", "goldenrod1", "darkorange1", "seagreen3", "orchid3")
INFO [2022-01-28 16:40:42] 
INFO [2022-01-28 16:40:42] $cat.cex
INFO [2022-01-28 16:40:42] [1] 1.5
INFO [2022-01-28 16:40:42] 
INFO [2022-01-28 16:40:42] $cat.fontface
INFO [2022-01-28 16:40:42] [1] "bold"
INFO [2022-01-28 16:40:42] 
INFO [2022-01-28 16:40:42] $margin
INFO [2022-01-28 16:40:42] [1] 0.1
INFO [2022-01-28 16:40:42] 
