[2020-07-22 18:32:05,655] multiqc                                            [DEBUG  ]  No MultiQC config found: /opt/software/MultiQC/1.7-foss-2018b-Python-2.7.15/lib/python2.7/site-packages/multiqc_config.yaml
[2020-07-22 18:32:05,656] multiqc                                            [DEBUG  ]  No MultiQC config found: /home/jillashey/.multiqc_config.yaml
[2020-07-22 18:32:05,658] multiqc                                            [DEBUG  ]  No MultiQC config found: multiqc_config.yaml
[2020-07-22 18:32:05,658] multiqc                                            [DEBUG  ]  Command used: /opt/software/MultiQC/1.7-foss-2018b-Python-2.7.15/bin/multiqc /data/putnamlab/jillashey/Francois_data/fastqc_results/trimmed/10_2.fastq.gz.trim_fastqc.zip /data/putnamlab/jillashey/Francois_data/fastqc_results/trimmed/11_1.fastq.gz.trim_fastqc.zip /data/putnamlab/jillashey/Francois_data/fastqc_results/trimmed/11_2.fastq.gz.trim_fastqc.zip /data/putnamlab/jillashey/Francois_data/fastqc_results/trimmed/12_1.fastq.gz.trim_fastqc.zip /data/putnamlab/jillashey/Francois_data/fastqc_results/trimmed/1_2.fastq.gz.trim_fastqc.zip /data/putnamlab/jillashey/Francois_data/fastqc_results/trimmed/13_1.fastq.gz.trim_fastqc.zip /data/putnamlab/jillashey/Francois_data/fastqc_results/trimmed/13_2.fastq.gz.trim_fastqc.zip /data/putnamlab/jillashey/Francois_data/fastqc_results/trimmed/14_1.fastq.gz.trim_fastqc.zip /data/putnamlab/jillashey/Francois_data/fastqc_results/trimmed/14_2.fastq.gz.trim_fastqc.zip /data/putnamlab/jillashey/Francois_data/fastqc_results/trimmed/15_2.fastq.gz.trim_fastqc.zip /data/putnamlab/jillashey/Francois_data/fastqc_results/trimmed/16_2.fastq.gz.trim_fastqc.zip /data/putnamlab/jillashey/Francois_data/fastqc_results/trimmed/17_1.fastq.gz.trim_fastqc.zip /data/putnamlab/jillashey/Francois_data/fastqc_results/trimmed/18_1.fastq.gz.trim_fastqc.zip /data/putnamlab/jillashey/Francois_data/fastqc_results/trimmed/19_2.fastq.gz.trim_fastqc.zip /data/putnamlab/jillashey/Francois_data/fastqc_results/trimmed/20_2.fastq.gz.trim_fastqc.zip /data/putnamlab/jillashey/Francois_data/fastqc_results/trimmed/21_1.fastq.gz.trim_fastqc.zip /data/putnamlab/jillashey/Francois_data/fastqc_results/trimmed/22_1.fastq.gz.trim_fastqc.zip /data/putnamlab/jillashey/Francois_data/fastqc_results/trimmed/2_2.fastq.gz.trim_fastqc.zip /data/putnamlab/jillashey/Francois_data/fastqc_results/trimmed/23_1.fastq.gz.trim_fastqc.zip /data/putnamlab/jillashey/Francois_data/fastqc_results/trimmed/24_1.fastq.gz.trim_fastqc.zip /data/putnamlab/jillashey/Francois_data/fastqc_results/trimmed/25_1.fastq.gz.trim_fastqc.zip /data/putnamlab/jillashey/Francois_data/fastqc_results/trimmed/25_2.fastq.gz.trim_fastqc.zip /data/putnamlab/jillashey/Francois_data/fastqc_results/trimmed/26_1.fastq.gz.trim_fastqc.zip /data/putnamlab/jillashey/Francois_data/fastqc_results/trimmed/26_2.fastq.gz.trim_fastqc.zip /data/putnamlab/jillashey/Francois_data/fastqc_results/trimmed/27_1.fastq.gz.trim_fastqc.zip /data/putnamlab/jillashey/Francois_data/fastqc_results/trimmed/28_2.fastq.gz.trim_fastqc.zip /data/putnamlab/jillashey/Francois_data/fastqc_results/trimmed/29_1.fastq.gz.trim_fastqc.zip /data/putnamlab/jillashey/Francois_data/fastqc_results/trimmed/30_1.fastq.gz.trim_fastqc.zip /data/putnamlab/jillashey/Francois_data/fastqc_results/trimmed/31_2.fastq.gz.trim_fastqc.zip /data/putnamlab/jillashey/Francois_data/fastqc_results/trimmed/3_1.fastq.gz.trim_fastqc.zip /data/putnamlab/jillashey/Francois_data/fastqc_results/trimmed/32_1.fastq.gz.trim_fastqc.zip /data/putnamlab/jillashey/Francois_data/fastqc_results/trimmed/32_2.fastq.gz.trim_fastqc.zip /data/putnamlab/jillashey/Francois_data/fastqc_results/trimmed/3_2.fastq.gz.trim_fastqc.zip /data/putnamlab/jillashey/Francois_data/fastqc_results/trimmed/33_1.fastq.gz.trim_fastqc.zip /data/putnamlab/jillashey/Francois_data/fastqc_results/trimmed/34_1.fastq.gz.trim_fastqc.zip /data/putnamlab/jillashey/Francois_data/fastqc_results/trimmed/35_2.fastq.gz.trim_fastqc.zip /data/putnamlab/jillashey/Francois_data/fastqc_results/trimmed/36_2.fastq.gz.trim_fastqc.zip /data/putnamlab/jillashey/Francois_data/fastqc_results/trimmed/37_1.fastq.gz.trim_fastqc.zip /data/putnamlab/jillashey/Francois_data/fastqc_results/trimmed/37_2.fastq.gz.trim_fastqc.zip /data/putnamlab/jillashey/Francois_data/fastqc_results/trimmed/38_2.fastq.gz.trim_fastqc.zip /data/putnamlab/jillashey/Francois_data/fastqc_results/trimmed/39_1.fastq.gz.trim_fastqc.zip /data/putnamlab/jillashey/Francois_data/fastqc_results/trimmed/39_2.fastq.gz.trim_fastqc.zip /data/putnamlab/jillashey/Francois_data/fastqc_results/trimmed/40_2.fastq.gz.trim_fastqc.zip /data/putnamlab/jillashey/Francois_data/fastqc_results/trimmed/41_1.fastq.gz.trim_fastqc.zip /data/putnamlab/jillashey/Francois_data/fastqc_results/trimmed/41_2.fastq.gz.trim_fastqc.zip /data/putnamlab/jillashey/Francois_data/fastqc_results/trimmed/4_1.fastq.gz.trim_fastqc.zip /data/putnamlab/jillashey/Francois_data/fastqc_results/trimmed/42_2.fastq.gz.trim_fastqc.zip /data/putnamlab/jillashey/Francois_data/fastqc_results/trimmed/4_2.fastq.gz.trim_fastqc.zip /data/putnamlab/jillashey/Francois_data/fastqc_results/trimmed/43_1.fastq.gz.trim_fastqc.zip /data/putnamlab/jillashey/Francois_data/fastqc_results/trimmed/43_2.fastq.gz.trim_fastqc.zip /data/putnamlab/jillashey/Francois_data/fastqc_results/trimmed/44_1.fastq.gz.trim_fastqc.zip /data/putnamlab/jillashey/Francois_data/fastqc_results/trimmed/45_1.fastq.gz.trim_fastqc.zip /data/putnamlab/jillashey/Francois_data/fastqc_results/trimmed/45_2.fastq.gz.trim_fastqc.zip /data/putnamlab/jillashey/Francois_data/fastqc_results/trimmed/46_1.fastq.gz.trim_fastqc.zip /data/putnamlab/jillashey/Francois_data/fastqc_results/trimmed/47_2.fastq.gz.trim_fastqc.zip /data/putnamlab/jillashey/Francois_data/fastqc_results/trimmed/48_2.fastq.gz.trim_fastqc.zip /data/putnamlab/jillashey/Francois_data/fastqc_results/trimmed/5_1.fastq.gz.trim_fastqc.zip /data/putnamlab/jillashey/Francois_data/fastqc_results/trimmed/5_2.fastq.gz.trim_fastqc.zip /data/putnamlab/jillashey/Francois_data/fastqc_results/trimmed/6_1.fastq.gz.trim_fastqc.zip /data/putnamlab/jillashey/Francois_data/fastqc_results/trimmed/6_2.fastq.gz.trim_fastqc.zip /data/putnamlab/jillashey/Francois_data/fastqc_results/trimmed/7_1.fastq.gz.trim_fastqc.zip /data/putnamlab/jillashey/Francois_data/fastqc_results/trimmed/8_1.fastq.gz.trim_fastqc.zip /data/putnamlab/jillashey/Francois_data/fastqc_results/trimmed/9_1.fastq.gz.trim_fastqc.zip /data/putnamlab/jillashey/Francois_data/fastqc_results/trimmed/9_2.fastq.gz.trim_fastqc.zip
[2020-07-22 18:32:06,239] multiqc                                            [WARNING]  MultiQC Version v1.9 now available!
[2020-07-22 18:32:06,239] multiqc                                            [INFO   ]  This is MultiQC v1.7
[2020-07-22 18:32:06,239] multiqc                                            [DEBUG  ]  Command     : /opt/software/MultiQC/1.7-foss-2018b-Python-2.7.15/bin/multiqc /data/putnamlab/jillashey/Francois_data/fastqc_results/trimmed/10_2.fastq.gz.trim_fastqc.zip /data/putnamlab/jillashey/Francois_data/fastqc_results/trimmed/11_1.fastq.gz.trim_fastqc.zip /data/putnamlab/jillashey/Francois_data/fastqc_results/trimmed/11_2.fastq.gz.trim_fastqc.zip /data/putnamlab/jillashey/Francois_data/fastqc_results/trimmed/12_1.fastq.gz.trim_fastqc.zip /data/putnamlab/jillashey/Francois_data/fastqc_results/trimmed/1_2.fastq.gz.trim_fastqc.zip /data/putnamlab/jillashey/Francois_data/fastqc_results/trimmed/13_1.fastq.gz.trim_fastqc.zip /data/putnamlab/jillashey/Francois_data/fastqc_results/trimmed/13_2.fastq.gz.trim_fastqc.zip /data/putnamlab/jillashey/Francois_data/fastqc_results/trimmed/14_1.fastq.gz.trim_fastqc.zip /data/putnamlab/jillashey/Francois_data/fastqc_results/trimmed/14_2.fastq.gz.trim_fastqc.zip /data/putnamlab/jillashey/Francois_data/fastqc_results/trimmed/15_2.fastq.gz.trim_fastqc.zip /data/putnamlab/jillashey/Francois_data/fastqc_results/trimmed/16_2.fastq.gz.trim_fastqc.zip /data/putnamlab/jillashey/Francois_data/fastqc_results/trimmed/17_1.fastq.gz.trim_fastqc.zip /data/putnamlab/jillashey/Francois_data/fastqc_results/trimmed/18_1.fastq.gz.trim_fastqc.zip /data/putnamlab/jillashey/Francois_data/fastqc_results/trimmed/19_2.fastq.gz.trim_fastqc.zip /data/putnamlab/jillashey/Francois_data/fastqc_results/trimmed/20_2.fastq.gz.trim_fastqc.zip /data/putnamlab/jillashey/Francois_data/fastqc_results/trimmed/21_1.fastq.gz.trim_fastqc.zip /data/putnamlab/jillashey/Francois_data/fastqc_results/trimmed/22_1.fastq.gz.trim_fastqc.zip /data/putnamlab/jillashey/Francois_data/fastqc_results/trimmed/2_2.fastq.gz.trim_fastqc.zip /data/putnamlab/jillashey/Francois_data/fastqc_results/trimmed/23_1.fastq.gz.trim_fastqc.zip /data/putnamlab/jillashey/Francois_data/fastqc_results/trimmed/24_1.fastq.gz.trim_fastqc.zip /data/putnamlab/jillashey/Francois_data/fastqc_results/trimmed/25_1.fastq.gz.trim_fastqc.zip /data/putnamlab/jillashey/Francois_data/fastqc_results/trimmed/25_2.fastq.gz.trim_fastqc.zip /data/putnamlab/jillashey/Francois_data/fastqc_results/trimmed/26_1.fastq.gz.trim_fastqc.zip /data/putnamlab/jillashey/Francois_data/fastqc_results/trimmed/26_2.fastq.gz.trim_fastqc.zip /data/putnamlab/jillashey/Francois_data/fastqc_results/trimmed/27_1.fastq.gz.trim_fastqc.zip /data/putnamlab/jillashey/Francois_data/fastqc_results/trimmed/28_2.fastq.gz.trim_fastqc.zip /data/putnamlab/jillashey/Francois_data/fastqc_results/trimmed/29_1.fastq.gz.trim_fastqc.zip /data/putnamlab/jillashey/Francois_data/fastqc_results/trimmed/30_1.fastq.gz.trim_fastqc.zip /data/putnamlab/jillashey/Francois_data/fastqc_results/trimmed/31_2.fastq.gz.trim_fastqc.zip /data/putnamlab/jillashey/Francois_data/fastqc_results/trimmed/3_1.fastq.gz.trim_fastqc.zip /data/putnamlab/jillashey/Francois_data/fastqc_results/trimmed/32_1.fastq.gz.trim_fastqc.zip /data/putnamlab/jillashey/Francois_data/fastqc_results/trimmed/32_2.fastq.gz.trim_fastqc.zip /data/putnamlab/jillashey/Francois_data/fastqc_results/trimmed/3_2.fastq.gz.trim_fastqc.zip /data/putnamlab/jillashey/Francois_data/fastqc_results/trimmed/33_1.fastq.gz.trim_fastqc.zip /data/putnamlab/jillashey/Francois_data/fastqc_results/trimmed/34_1.fastq.gz.trim_fastqc.zip /data/putnamlab/jillashey/Francois_data/fastqc_results/trimmed/35_2.fastq.gz.trim_fastqc.zip /data/putnamlab/jillashey/Francois_data/fastqc_results/trimmed/36_2.fastq.gz.trim_fastqc.zip /data/putnamlab/jillashey/Francois_data/fastqc_results/trimmed/37_1.fastq.gz.trim_fastqc.zip /data/putnamlab/jillashey/Francois_data/fastqc_results/trimmed/37_2.fastq.gz.trim_fastqc.zip /data/putnamlab/jillashey/Francois_data/fastqc_results/trimmed/38_2.fastq.gz.trim_fastqc.zip /data/putnamlab/jillashey/Francois_data/fastqc_results/trimmed/39_1.fastq.gz.trim_fastqc.zip /data/putnamlab/jillashey/Francois_data/fastqc_results/trimmed/39_2.fastq.gz.trim_fastqc.zip /data/putnamlab/jillashey/Francois_data/fastqc_results/trimmed/40_2.fastq.gz.trim_fastqc.zip /data/putnamlab/jillashey/Francois_data/fastqc_results/trimmed/41_1.fastq.gz.trim_fastqc.zip /data/putnamlab/jillashey/Francois_data/fastqc_results/trimmed/41_2.fastq.gz.trim_fastqc.zip /data/putnamlab/jillashey/Francois_data/fastqc_results/trimmed/4_1.fastq.gz.trim_fastqc.zip /data/putnamlab/jillashey/Francois_data/fastqc_results/trimmed/42_2.fastq.gz.trim_fastqc.zip /data/putnamlab/jillashey/Francois_data/fastqc_results/trimmed/4_2.fastq.gz.trim_fastqc.zip /data/putnamlab/jillashey/Francois_data/fastqc_results/trimmed/43_1.fastq.gz.trim_fastqc.zip /data/putnamlab/jillashey/Francois_data/fastqc_results/trimmed/43_2.fastq.gz.trim_fastqc.zip /data/putnamlab/jillashey/Francois_data/fastqc_results/trimmed/44_1.fastq.gz.trim_fastqc.zip /data/putnamlab/jillashey/Francois_data/fastqc_results/trimmed/45_1.fastq.gz.trim_fastqc.zip /data/putnamlab/jillashey/Francois_data/fastqc_results/trimmed/45_2.fastq.gz.trim_fastqc.zip /data/putnamlab/jillashey/Francois_data/fastqc_results/trimmed/46_1.fastq.gz.trim_fastqc.zip /data/putnamlab/jillashey/Francois_data/fastqc_results/trimmed/47_2.fastq.gz.trim_fastqc.zip /data/putnamlab/jillashey/Francois_data/fastqc_results/trimmed/48_2.fastq.gz.trim_fastqc.zip /data/putnamlab/jillashey/Francois_data/fastqc_results/trimmed/5_1.fastq.gz.trim_fastqc.zip /data/putnamlab/jillashey/Francois_data/fastqc_results/trimmed/5_2.fastq.gz.trim_fastqc.zip /data/putnamlab/jillashey/Francois_data/fastqc_results/trimmed/6_1.fastq.gz.trim_fastqc.zip /data/putnamlab/jillashey/Francois_data/fastqc_results/trimmed/6_2.fastq.gz.trim_fastqc.zip /data/putnamlab/jillashey/Francois_data/fastqc_results/trimmed/7_1.fastq.gz.trim_fastqc.zip /data/putnamlab/jillashey/Francois_data/fastqc_results/trimmed/8_1.fastq.gz.trim_fastqc.zip /data/putnamlab/jillashey/Francois_data/fastqc_results/trimmed/9_1.fastq.gz.trim_fastqc.zip /data/putnamlab/jillashey/Francois_data/fastqc_results/trimmed/9_2.fastq.gz.trim_fastqc.zip
[2020-07-22 18:32:06,240] multiqc                                            [DEBUG  ]  Working dir : /data/putnamlab/jillashey/Francois_data/fastqc_results/trimmed
[2020-07-22 18:32:06,240] multiqc                                            [INFO   ]  Template    : default
[2020-07-22 18:32:06,240] multiqc                                            [INFO   ]  Searching '/data/putnamlab/jillashey/Francois_data/fastqc_results/trimmed/10_2.fastq.gz.trim_fastqc.zip'
[2020-07-22 18:32:06,240] multiqc                                            [INFO   ]  Searching '/data/putnamlab/jillashey/Francois_data/fastqc_results/trimmed/11_1.fastq.gz.trim_fastqc.zip'
[2020-07-22 18:32:06,240] multiqc                                            [INFO   ]  Searching '/data/putnamlab/jillashey/Francois_data/fastqc_results/trimmed/11_2.fastq.gz.trim_fastqc.zip'
[2020-07-22 18:32:06,241] multiqc                                            [INFO   ]  Searching '/data/putnamlab/jillashey/Francois_data/fastqc_results/trimmed/12_1.fastq.gz.trim_fastqc.zip'
[2020-07-22 18:32:06,241] multiqc                                            [INFO   ]  Searching '/data/putnamlab/jillashey/Francois_data/fastqc_results/trimmed/1_2.fastq.gz.trim_fastqc.zip'
[2020-07-22 18:32:06,241] multiqc                                            [INFO   ]  Searching '/data/putnamlab/jillashey/Francois_data/fastqc_results/trimmed/13_1.fastq.gz.trim_fastqc.zip'
[2020-07-22 18:32:06,241] multiqc                                            [INFO   ]  Searching '/data/putnamlab/jillashey/Francois_data/fastqc_results/trimmed/13_2.fastq.gz.trim_fastqc.zip'
[2020-07-22 18:32:06,241] multiqc                                            [INFO   ]  Searching '/data/putnamlab/jillashey/Francois_data/fastqc_results/trimmed/14_1.fastq.gz.trim_fastqc.zip'
[2020-07-22 18:32:06,242] multiqc                                            [INFO   ]  Searching '/data/putnamlab/jillashey/Francois_data/fastqc_results/trimmed/14_2.fastq.gz.trim_fastqc.zip'
[2020-07-22 18:32:06,242] multiqc                                            [INFO   ]  Searching '/data/putnamlab/jillashey/Francois_data/fastqc_results/trimmed/15_2.fastq.gz.trim_fastqc.zip'
[2020-07-22 18:32:06,242] multiqc                                            [INFO   ]  Searching '/data/putnamlab/jillashey/Francois_data/fastqc_results/trimmed/16_2.fastq.gz.trim_fastqc.zip'
[2020-07-22 18:32:06,242] multiqc                                            [INFO   ]  Searching '/data/putnamlab/jillashey/Francois_data/fastqc_results/trimmed/17_1.fastq.gz.trim_fastqc.zip'
[2020-07-22 18:32:06,242] multiqc                                            [INFO   ]  Searching '/data/putnamlab/jillashey/Francois_data/fastqc_results/trimmed/18_1.fastq.gz.trim_fastqc.zip'
[2020-07-22 18:32:06,242] multiqc                                            [INFO   ]  Searching '/data/putnamlab/jillashey/Francois_data/fastqc_results/trimmed/19_2.fastq.gz.trim_fastqc.zip'
[2020-07-22 18:32:06,242] multiqc                                            [INFO   ]  Searching '/data/putnamlab/jillashey/Francois_data/fastqc_results/trimmed/20_2.fastq.gz.trim_fastqc.zip'
[2020-07-22 18:32:06,242] multiqc                                            [INFO   ]  Searching '/data/putnamlab/jillashey/Francois_data/fastqc_results/trimmed/21_1.fastq.gz.trim_fastqc.zip'
[2020-07-22 18:32:06,242] multiqc                                            [INFO   ]  Searching '/data/putnamlab/jillashey/Francois_data/fastqc_results/trimmed/22_1.fastq.gz.trim_fastqc.zip'
[2020-07-22 18:32:06,242] multiqc                                            [INFO   ]  Searching '/data/putnamlab/jillashey/Francois_data/fastqc_results/trimmed/2_2.fastq.gz.trim_fastqc.zip'
[2020-07-22 18:32:06,242] multiqc                                            [INFO   ]  Searching '/data/putnamlab/jillashey/Francois_data/fastqc_results/trimmed/23_1.fastq.gz.trim_fastqc.zip'
[2020-07-22 18:32:06,243] multiqc                                            [INFO   ]  Searching '/data/putnamlab/jillashey/Francois_data/fastqc_results/trimmed/24_1.fastq.gz.trim_fastqc.zip'
[2020-07-22 18:32:06,243] multiqc                                            [INFO   ]  Searching '/data/putnamlab/jillashey/Francois_data/fastqc_results/trimmed/25_1.fastq.gz.trim_fastqc.zip'
[2020-07-22 18:32:06,243] multiqc                                            [INFO   ]  Searching '/data/putnamlab/jillashey/Francois_data/fastqc_results/trimmed/25_2.fastq.gz.trim_fastqc.zip'
[2020-07-22 18:32:06,243] multiqc                                            [INFO   ]  Searching '/data/putnamlab/jillashey/Francois_data/fastqc_results/trimmed/26_1.fastq.gz.trim_fastqc.zip'
[2020-07-22 18:32:06,243] multiqc                                            [INFO   ]  Searching '/data/putnamlab/jillashey/Francois_data/fastqc_results/trimmed/26_2.fastq.gz.trim_fastqc.zip'
[2020-07-22 18:32:06,243] multiqc                                            [INFO   ]  Searching '/data/putnamlab/jillashey/Francois_data/fastqc_results/trimmed/27_1.fastq.gz.trim_fastqc.zip'
[2020-07-22 18:32:06,243] multiqc                                            [INFO   ]  Searching '/data/putnamlab/jillashey/Francois_data/fastqc_results/trimmed/28_2.fastq.gz.trim_fastqc.zip'
[2020-07-22 18:32:06,243] multiqc                                            [INFO   ]  Searching '/data/putnamlab/jillashey/Francois_data/fastqc_results/trimmed/29_1.fastq.gz.trim_fastqc.zip'
[2020-07-22 18:32:06,243] multiqc                                            [INFO   ]  Searching '/data/putnamlab/jillashey/Francois_data/fastqc_results/trimmed/30_1.fastq.gz.trim_fastqc.zip'
[2020-07-22 18:32:06,243] multiqc                                            [INFO   ]  Searching '/data/putnamlab/jillashey/Francois_data/fastqc_results/trimmed/31_2.fastq.gz.trim_fastqc.zip'
[2020-07-22 18:32:06,243] multiqc                                            [INFO   ]  Searching '/data/putnamlab/jillashey/Francois_data/fastqc_results/trimmed/3_1.fastq.gz.trim_fastqc.zip'
[2020-07-22 18:32:06,244] multiqc                                            [INFO   ]  Searching '/data/putnamlab/jillashey/Francois_data/fastqc_results/trimmed/32_1.fastq.gz.trim_fastqc.zip'
[2020-07-22 18:32:06,244] multiqc                                            [INFO   ]  Searching '/data/putnamlab/jillashey/Francois_data/fastqc_results/trimmed/32_2.fastq.gz.trim_fastqc.zip'
[2020-07-22 18:32:06,244] multiqc                                            [INFO   ]  Searching '/data/putnamlab/jillashey/Francois_data/fastqc_results/trimmed/3_2.fastq.gz.trim_fastqc.zip'
[2020-07-22 18:32:06,244] multiqc                                            [INFO   ]  Searching '/data/putnamlab/jillashey/Francois_data/fastqc_results/trimmed/33_1.fastq.gz.trim_fastqc.zip'
[2020-07-22 18:32:06,244] multiqc                                            [INFO   ]  Searching '/data/putnamlab/jillashey/Francois_data/fastqc_results/trimmed/34_1.fastq.gz.trim_fastqc.zip'
[2020-07-22 18:32:06,244] multiqc                                            [INFO   ]  Searching '/data/putnamlab/jillashey/Francois_data/fastqc_results/trimmed/35_2.fastq.gz.trim_fastqc.zip'
[2020-07-22 18:32:06,244] multiqc                                            [INFO   ]  Searching '/data/putnamlab/jillashey/Francois_data/fastqc_results/trimmed/36_2.fastq.gz.trim_fastqc.zip'
[2020-07-22 18:32:06,244] multiqc                                            [INFO   ]  Searching '/data/putnamlab/jillashey/Francois_data/fastqc_results/trimmed/37_1.fastq.gz.trim_fastqc.zip'
[2020-07-22 18:32:06,244] multiqc                                            [INFO   ]  Searching '/data/putnamlab/jillashey/Francois_data/fastqc_results/trimmed/37_2.fastq.gz.trim_fastqc.zip'
[2020-07-22 18:32:06,244] multiqc                                            [INFO   ]  Searching '/data/putnamlab/jillashey/Francois_data/fastqc_results/trimmed/38_2.fastq.gz.trim_fastqc.zip'
[2020-07-22 18:32:06,244] multiqc                                            [INFO   ]  Searching '/data/putnamlab/jillashey/Francois_data/fastqc_results/trimmed/39_1.fastq.gz.trim_fastqc.zip'
[2020-07-22 18:32:06,245] multiqc                                            [INFO   ]  Searching '/data/putnamlab/jillashey/Francois_data/fastqc_results/trimmed/39_2.fastq.gz.trim_fastqc.zip'
[2020-07-22 18:32:06,245] multiqc                                            [INFO   ]  Searching '/data/putnamlab/jillashey/Francois_data/fastqc_results/trimmed/40_2.fastq.gz.trim_fastqc.zip'
[2020-07-22 18:32:06,245] multiqc                                            [INFO   ]  Searching '/data/putnamlab/jillashey/Francois_data/fastqc_results/trimmed/41_1.fastq.gz.trim_fastqc.zip'
[2020-07-22 18:32:06,245] multiqc                                            [INFO   ]  Searching '/data/putnamlab/jillashey/Francois_data/fastqc_results/trimmed/41_2.fastq.gz.trim_fastqc.zip'
[2020-07-22 18:32:06,245] multiqc                                            [INFO   ]  Searching '/data/putnamlab/jillashey/Francois_data/fastqc_results/trimmed/4_1.fastq.gz.trim_fastqc.zip'
[2020-07-22 18:32:06,245] multiqc                                            [INFO   ]  Searching '/data/putnamlab/jillashey/Francois_data/fastqc_results/trimmed/42_2.fastq.gz.trim_fastqc.zip'
[2020-07-22 18:32:06,245] multiqc                                            [INFO   ]  Searching '/data/putnamlab/jillashey/Francois_data/fastqc_results/trimmed/4_2.fastq.gz.trim_fastqc.zip'
[2020-07-22 18:32:06,245] multiqc                                            [INFO   ]  Searching '/data/putnamlab/jillashey/Francois_data/fastqc_results/trimmed/43_1.fastq.gz.trim_fastqc.zip'
[2020-07-22 18:32:06,245] multiqc                                            [INFO   ]  Searching '/data/putnamlab/jillashey/Francois_data/fastqc_results/trimmed/43_2.fastq.gz.trim_fastqc.zip'
[2020-07-22 18:32:06,245] multiqc                                            [INFO   ]  Searching '/data/putnamlab/jillashey/Francois_data/fastqc_results/trimmed/44_1.fastq.gz.trim_fastqc.zip'
[2020-07-22 18:32:06,245] multiqc                                            [INFO   ]  Searching '/data/putnamlab/jillashey/Francois_data/fastqc_results/trimmed/45_1.fastq.gz.trim_fastqc.zip'
[2020-07-22 18:32:06,245] multiqc                                            [INFO   ]  Searching '/data/putnamlab/jillashey/Francois_data/fastqc_results/trimmed/45_2.fastq.gz.trim_fastqc.zip'
[2020-07-22 18:32:06,246] multiqc                                            [INFO   ]  Searching '/data/putnamlab/jillashey/Francois_data/fastqc_results/trimmed/46_1.fastq.gz.trim_fastqc.zip'
[2020-07-22 18:32:06,246] multiqc                                            [INFO   ]  Searching '/data/putnamlab/jillashey/Francois_data/fastqc_results/trimmed/47_2.fastq.gz.trim_fastqc.zip'
[2020-07-22 18:32:06,246] multiqc                                            [INFO   ]  Searching '/data/putnamlab/jillashey/Francois_data/fastqc_results/trimmed/48_2.fastq.gz.trim_fastqc.zip'
[2020-07-22 18:32:06,246] multiqc                                            [INFO   ]  Searching '/data/putnamlab/jillashey/Francois_data/fastqc_results/trimmed/5_1.fastq.gz.trim_fastqc.zip'
[2020-07-22 18:32:06,246] multiqc                                            [INFO   ]  Searching '/data/putnamlab/jillashey/Francois_data/fastqc_results/trimmed/5_2.fastq.gz.trim_fastqc.zip'
[2020-07-22 18:32:06,246] multiqc                                            [INFO   ]  Searching '/data/putnamlab/jillashey/Francois_data/fastqc_results/trimmed/6_1.fastq.gz.trim_fastqc.zip'
[2020-07-22 18:32:06,246] multiqc                                            [INFO   ]  Searching '/data/putnamlab/jillashey/Francois_data/fastqc_results/trimmed/6_2.fastq.gz.trim_fastqc.zip'
[2020-07-22 18:32:06,246] multiqc                                            [INFO   ]  Searching '/data/putnamlab/jillashey/Francois_data/fastqc_results/trimmed/7_1.fastq.gz.trim_fastqc.zip'
[2020-07-22 18:32:06,246] multiqc                                            [INFO   ]  Searching '/data/putnamlab/jillashey/Francois_data/fastqc_results/trimmed/8_1.fastq.gz.trim_fastqc.zip'
[2020-07-22 18:32:06,246] multiqc                                            [INFO   ]  Searching '/data/putnamlab/jillashey/Francois_data/fastqc_results/trimmed/9_1.fastq.gz.trim_fastqc.zip'
[2020-07-22 18:32:06,246] multiqc                                            [INFO   ]  Searching '/data/putnamlab/jillashey/Francois_data/fastqc_results/trimmed/9_2.fastq.gz.trim_fastqc.zip'
[2020-07-22 18:32:06,247] multiqc                                            [DEBUG  ]  Analysing modules: custom_content, conpair, peddy, methylQA, phantompeakqualtools, qualimap, preseq, quast, qorts, rna_seqc, rsem, rseqc, busco, goleft_indexcov, disambiguate, supernova, deeptools, sargasso, verifybamid, mirtrace, happy, homer, macs2, theta2, snpeff, gatk, htseq, bcftools, featureCounts, dedup, damageprofiler, picard, prokka, samblaster, samtools, bamtools, jellyfish, vcftools, longranger, stacks, bbmap, bismark, biscuit, hicexplorer, hicup, hicpro, salmon, kallisto, slamdunk, star, hisat2, tophat, bowtie2, bowtie1, kat, leehom, adapterRemoval, clipandmerge, cutadapt, flexbar, trimmomatic, skewer, sortmerna, biobloomtools, fastq_screen, afterqc, fastp, fastqc, minionqc, clusterflow, bcl2fastq, interop, flash
[2020-07-22 18:32:06,247] multiqc                                            [DEBUG  ]  Using temporary directory for creating report: /tmp/tmpboXSM2
[2020-07-22 18:32:06,835] multiqc                                            [DEBUG  ]  No samples found: custom_content
[2020-07-22 18:32:06,841] multiqc                                            [DEBUG  ]  No samples found: conpair
[2020-07-22 18:32:06,846] multiqc                                            [DEBUG  ]  No samples found: peddy
[2020-07-22 18:32:06,852] multiqc                                            [DEBUG  ]  No samples found: methylQA
[2020-07-22 18:32:06,857] multiqc                                            [DEBUG  ]  No samples found: phantompeakqualtools
[2020-07-22 18:32:06,862] multiqc                                            [DEBUG  ]  No samples found: qualimap
[2020-07-22 18:32:06,868] multiqc                                            [DEBUG  ]  No samples found: preseq
[2020-07-22 18:32:06,873] multiqc                                            [DEBUG  ]  No samples found: quast
[2020-07-22 18:32:06,878] multiqc                                            [DEBUG  ]  No samples found: qorts
[2020-07-22 18:32:06,884] multiqc                                            [DEBUG  ]  No samples found: rna_seqc
[2020-07-22 18:32:06,889] multiqc                                            [DEBUG  ]  No samples found: rsem
[2020-07-22 18:32:06,895] multiqc                                            [DEBUG  ]  No samples found: rseqc
[2020-07-22 18:32:06,900] multiqc                                            [DEBUG  ]  No samples found: busco
[2020-07-22 18:32:06,906] multiqc                                            [DEBUG  ]  No samples found: goleft_indexcov
[2020-07-22 18:32:06,911] multiqc                                            [DEBUG  ]  No samples found: disambiguate
[2020-07-22 18:32:06,916] multiqc                                            [DEBUG  ]  No samples found: supernova
[2020-07-22 18:32:06,923] multiqc                                            [DEBUG  ]  No samples found: deeptools
[2020-07-22 18:32:06,928] multiqc                                            [DEBUG  ]  No samples found: sargasso
[2020-07-22 18:32:06,933] multiqc                                            [DEBUG  ]  No samples found: verifybamid
[2020-07-22 18:32:06,939] multiqc                                            [DEBUG  ]  No samples found: mirtrace
[2020-07-22 18:32:06,944] multiqc                                            [DEBUG  ]  No samples found: happy
[2020-07-22 18:32:06,950] multiqc                                            [DEBUG  ]  No samples found: homer
[2020-07-22 18:32:06,955] multiqc                                            [DEBUG  ]  No samples found: macs2
[2020-07-22 18:32:06,960] multiqc                                            [DEBUG  ]  No samples found: theta2
[2020-07-22 18:32:06,965] multiqc                                            [DEBUG  ]  No samples found: snpeff
[2020-07-22 18:32:06,971] multiqc                                            [DEBUG  ]  No samples found: gatk
[2020-07-22 18:32:06,977] multiqc                                            [DEBUG  ]  No samples found: htseq
[2020-07-22 18:32:06,982] multiqc                                            [DEBUG  ]  No samples found: bcftools
[2020-07-22 18:32:06,987] multiqc                                            [DEBUG  ]  No samples found: featureCounts
[2020-07-22 18:32:06,992] multiqc                                            [DEBUG  ]  No samples found: dedup
[2020-07-22 18:32:06,998] multiqc                                            [DEBUG  ]  No samples found: damageprofiler
[2020-07-22 18:32:07,005] multiqc                                            [DEBUG  ]  No samples found: picard
[2020-07-22 18:32:07,010] multiqc                                            [DEBUG  ]  No samples found: prokka
[2020-07-22 18:32:07,015] multiqc                                            [DEBUG  ]  No samples found: samblaster
[2020-07-22 18:32:07,020] multiqc                                            [DEBUG  ]  No samples found: samtools
[2020-07-22 18:32:07,025] multiqc                                            [DEBUG  ]  No samples found: bamtools
[2020-07-22 18:32:07,029] multiqc                                            [DEBUG  ]  No samples found: jellyfish
[2020-07-22 18:32:07,033] multiqc                                            [DEBUG  ]  No samples found: vcftools
[2020-07-22 18:32:07,037] multiqc                                            [DEBUG  ]  No samples found: longranger
[2020-07-22 18:32:07,042] multiqc                                            [DEBUG  ]  No samples found: stacks
[2020-07-22 18:32:07,047] multiqc                                            [DEBUG  ]  No samples found: bbmap
[2020-07-22 18:32:07,051] multiqc                                            [DEBUG  ]  No samples found: bismark
[2020-07-22 18:32:07,055] multiqc                                            [DEBUG  ]  No samples found: biscuit
[2020-07-22 18:32:07,060] multiqc                                            [DEBUG  ]  No samples found: hicexplorer
[2020-07-22 18:32:07,064] multiqc                                            [DEBUG  ]  No samples found: hicup
[2020-07-22 18:32:07,068] multiqc                                            [DEBUG  ]  No samples found: hicpro
[2020-07-22 18:32:07,072] multiqc                                            [DEBUG  ]  No samples found: salmon
[2020-07-22 18:32:07,076] multiqc                                            [DEBUG  ]  No samples found: kallisto
[2020-07-22 18:32:07,080] multiqc                                            [DEBUG  ]  No samples found: slamdunk
[2020-07-22 18:32:07,085] multiqc                                            [DEBUG  ]  No samples found: star
[2020-07-22 18:32:07,089] multiqc                                            [DEBUG  ]  No samples found: hisat2
[2020-07-22 18:32:07,093] multiqc                                            [DEBUG  ]  No samples found: tophat
[2020-07-22 18:32:07,097] multiqc                                            [DEBUG  ]  No samples found: bowtie2
[2020-07-22 18:32:07,101] multiqc                                            [DEBUG  ]  No samples found: bowtie1
[2020-07-22 18:32:07,105] multiqc                                            [DEBUG  ]  No samples found: kat
[2020-07-22 18:32:07,109] multiqc                                            [DEBUG  ]  No samples found: leehom
[2020-07-22 18:32:07,113] multiqc                                            [DEBUG  ]  No samples found: adapterRemoval
[2020-07-22 18:32:07,117] multiqc                                            [DEBUG  ]  No samples found: clipandmerge
[2020-07-22 18:32:07,121] multiqc                                            [DEBUG  ]  No samples found: cutadapt
[2020-07-22 18:32:07,125] multiqc                                            [DEBUG  ]  No samples found: flexbar
[2020-07-22 18:32:07,129] multiqc                                            [DEBUG  ]  No samples found: trimmomatic
[2020-07-22 18:32:07,133] multiqc                                            [DEBUG  ]  No samples found: skewer
[2020-07-22 18:32:07,137] multiqc                                            [DEBUG  ]  No samples found: sortmerna
[2020-07-22 18:32:07,141] multiqc                                            [DEBUG  ]  No samples found: biobloomtools
[2020-07-22 18:32:07,145] multiqc                                            [DEBUG  ]  No samples found: fastq_screen
[2020-07-22 18:32:07,149] multiqc                                            [DEBUG  ]  No samples found: afterqc
[2020-07-22 18:32:07,153] multiqc                                            [DEBUG  ]  No samples found: fastp
[2020-07-22 18:32:17,081] multiqc.modules.fastqc.fastqc                      [INFO   ]  Found 64 reports
[2020-07-22 18:32:21,388] multiqc                                            [DEBUG  ]  No samples found: minionqc
[2020-07-22 18:32:21,393] multiqc                                            [DEBUG  ]  No samples found: clusterflow
[2020-07-22 18:32:21,397] multiqc                                            [DEBUG  ]  No samples found: bcl2fastq
[2020-07-22 18:32:21,401] multiqc                                            [DEBUG  ]  No samples found: interop
[2020-07-22 18:32:21,406] multiqc                                            [DEBUG  ]  No samples found: flash
[2020-07-22 18:32:21,495] multiqc                                            [INFO   ]  Compressing plot data
[2020-07-22 18:32:24,602] multiqc                                            [INFO   ]  Report      : multiqc_report.html
[2020-07-22 18:32:24,603] multiqc                                            [INFO   ]  Data        : multiqc_data
[2020-07-22 18:32:24,755] multiqc                                            [DEBUG  ]  Moving data file from '/tmp/tmpboXSM2/multiqc_data/multiqc_sources.txt' to '/data/putnamlab/jillashey/Francois_data/fastqc_results/trimmed/multiqc_data'
[2020-07-22 18:32:24,791] multiqc                                            [DEBUG  ]  Moving data file from '/tmp/tmpboXSM2/multiqc_data/multiqc_general_stats.txt' to '/data/putnamlab/jillashey/Francois_data/fastqc_results/trimmed/multiqc_data'
[2020-07-22 18:32:24,813] multiqc                                            [DEBUG  ]  Moving data file from '/tmp/tmpboXSM2/multiqc_data/multiqc_data.json' to '/data/putnamlab/jillashey/Francois_data/fastqc_results/trimmed/multiqc_data'
[2020-07-22 18:32:24,889] multiqc                                            [DEBUG  ]  Moving data file from '/tmp/tmpboXSM2/multiqc_data/multiqc_fastqc.txt' to '/data/putnamlab/jillashey/Francois_data/fastqc_results/trimmed/multiqc_data'
[2020-07-22 18:32:25,322] multiqc                                            [INFO   ]  MultiQC complete
