[2020-07-21 22:10:10,529] multiqc                                            [DEBUG  ]  No MultiQC config found: /opt/software/MultiQC/1.7-foss-2018b-Python-2.7.15/lib/python2.7/site-packages/multiqc_config.yaml
[2020-07-21 22:10:10,530] multiqc                                            [DEBUG  ]  No MultiQC config found: /home/jillashey/.multiqc_config.yaml
[2020-07-21 22:10:10,533] multiqc                                            [DEBUG  ]  No MultiQC config found: multiqc_config.yaml
[2020-07-21 22:10:10,533] multiqc                                            [DEBUG  ]  Command used: /opt/software/MultiQC/1.7-foss-2018b-Python-2.7.15/bin/multiqc /data/putnamlab/jillashey/Francois_data/fastqc_results/raw/10_2_fastqc.zip /data/putnamlab/jillashey/Francois_data/fastqc_results/raw/11_1_fastqc.zip /data/putnamlab/jillashey/Francois_data/fastqc_results/raw/11_2_fastqc.zip /data/putnamlab/jillashey/Francois_data/fastqc_results/raw/12_1_fastqc.zip /data/putnamlab/jillashey/Francois_data/fastqc_results/raw/1_2_fastqc.zip /data/putnamlab/jillashey/Francois_data/fastqc_results/raw/13_1_fastqc.zip /data/putnamlab/jillashey/Francois_data/fastqc_results/raw/13_2_fastqc.zip /data/putnamlab/jillashey/Francois_data/fastqc_results/raw/14_1_fastqc.zip /data/putnamlab/jillashey/Francois_data/fastqc_results/raw/14_2_fastqc.zip /data/putnamlab/jillashey/Francois_data/fastqc_results/raw/15_2_fastqc.zip /data/putnamlab/jillashey/Francois_data/fastqc_results/raw/16_2_fastqc.zip /data/putnamlab/jillashey/Francois_data/fastqc_results/raw/17_1_fastqc.zip /data/putnamlab/jillashey/Francois_data/fastqc_results/raw/18_1_fastqc.zip /data/putnamlab/jillashey/Francois_data/fastqc_results/raw/19_2_fastqc.zip /data/putnamlab/jillashey/Francois_data/fastqc_results/raw/20_2_fastqc.zip /data/putnamlab/jillashey/Francois_data/fastqc_results/raw/21_1_fastqc.zip /data/putnamlab/jillashey/Francois_data/fastqc_results/raw/22_1_fastqc.zip /data/putnamlab/jillashey/Francois_data/fastqc_results/raw/2_2_fastqc.zip /data/putnamlab/jillashey/Francois_data/fastqc_results/raw/23_1_fastqc.zip /data/putnamlab/jillashey/Francois_data/fastqc_results/raw/24_1_fastqc.zip /data/putnamlab/jillashey/Francois_data/fastqc_results/raw/25_1_fastqc.zip /data/putnamlab/jillashey/Francois_data/fastqc_results/raw/25_2_fastqc.zip /data/putnamlab/jillashey/Francois_data/fastqc_results/raw/26_1_fastqc.zip /data/putnamlab/jillashey/Francois_data/fastqc_results/raw/26_2_fastqc.zip /data/putnamlab/jillashey/Francois_data/fastqc_results/raw/27_1_fastqc.zip /data/putnamlab/jillashey/Francois_data/fastqc_results/raw/28_2_fastqc.zip /data/putnamlab/jillashey/Francois_data/fastqc_results/raw/29_1_fastqc.zip /data/putnamlab/jillashey/Francois_data/fastqc_results/raw/30_1_fastqc.zip /data/putnamlab/jillashey/Francois_data/fastqc_results/raw/31_2_fastqc.zip /data/putnamlab/jillashey/Francois_data/fastqc_results/raw/3_1_fastqc.zip /data/putnamlab/jillashey/Francois_data/fastqc_results/raw/32_1_fastqc.zip /data/putnamlab/jillashey/Francois_data/fastqc_results/raw/32_2_fastqc.zip /data/putnamlab/jillashey/Francois_data/fastqc_results/raw/3_2_fastqc.zip /data/putnamlab/jillashey/Francois_data/fastqc_results/raw/33_1_fastqc.zip /data/putnamlab/jillashey/Francois_data/fastqc_results/raw/34_1_fastqc.zip /data/putnamlab/jillashey/Francois_data/fastqc_results/raw/35_2_fastqc.zip /data/putnamlab/jillashey/Francois_data/fastqc_results/raw/36_2_fastqc.zip /data/putnamlab/jillashey/Francois_data/fastqc_results/raw/37_1_fastqc.zip /data/putnamlab/jillashey/Francois_data/fastqc_results/raw/37_2_fastqc.zip /data/putnamlab/jillashey/Francois_data/fastqc_results/raw/38_2_fastqc.zip /data/putnamlab/jillashey/Francois_data/fastqc_results/raw/39_1_fastqc.zip /data/putnamlab/jillashey/Francois_data/fastqc_results/raw/39_2_fastqc.zip /data/putnamlab/jillashey/Francois_data/fastqc_results/raw/40_2_fastqc.zip /data/putnamlab/jillashey/Francois_data/fastqc_results/raw/41_1_fastqc.zip /data/putnamlab/jillashey/Francois_data/fastqc_results/raw/41_2_fastqc.zip /data/putnamlab/jillashey/Francois_data/fastqc_results/raw/4_1_fastqc.zip /data/putnamlab/jillashey/Francois_data/fastqc_results/raw/42_2_fastqc.zip /data/putnamlab/jillashey/Francois_data/fastqc_results/raw/4_2_fastqc.zip /data/putnamlab/jillashey/Francois_data/fastqc_results/raw/43_1_fastqc.zip /data/putnamlab/jillashey/Francois_data/fastqc_results/raw/43_2_fastqc.zip /data/putnamlab/jillashey/Francois_data/fastqc_results/raw/44_1_fastqc.zip /data/putnamlab/jillashey/Francois_data/fastqc_results/raw/45_1_fastqc.zip /data/putnamlab/jillashey/Francois_data/fastqc_results/raw/45_2_fastqc.zip /data/putnamlab/jillashey/Francois_data/fastqc_results/raw/46_1_fastqc.zip /data/putnamlab/jillashey/Francois_data/fastqc_results/raw/47_2_fastqc.zip /data/putnamlab/jillashey/Francois_data/fastqc_results/raw/48_2_fastqc.zip /data/putnamlab/jillashey/Francois_data/fastqc_results/raw/5_1_fastqc.zip /data/putnamlab/jillashey/Francois_data/fastqc_results/raw/5_2_fastqc.zip /data/putnamlab/jillashey/Francois_data/fastqc_results/raw/6_1_fastqc.zip /data/putnamlab/jillashey/Francois_data/fastqc_results/raw/6_2_fastqc.zip /data/putnamlab/jillashey/Francois_data/fastqc_results/raw/7_1_fastqc.zip /data/putnamlab/jillashey/Francois_data/fastqc_results/raw/8_1_fastqc.zip /data/putnamlab/jillashey/Francois_data/fastqc_results/raw/9_1_fastqc.zip /data/putnamlab/jillashey/Francois_data/fastqc_results/raw/9_2_fastqc.zip
[2020-07-21 22:10:11,727] multiqc                                            [WARNING]  MultiQC Version v1.9 now available!
[2020-07-21 22:10:11,728] multiqc                                            [INFO   ]  This is MultiQC v1.7
[2020-07-21 22:10:11,728] multiqc                                            [DEBUG  ]  Command     : /opt/software/MultiQC/1.7-foss-2018b-Python-2.7.15/bin/multiqc /data/putnamlab/jillashey/Francois_data/fastqc_results/raw/10_2_fastqc.zip /data/putnamlab/jillashey/Francois_data/fastqc_results/raw/11_1_fastqc.zip /data/putnamlab/jillashey/Francois_data/fastqc_results/raw/11_2_fastqc.zip /data/putnamlab/jillashey/Francois_data/fastqc_results/raw/12_1_fastqc.zip /data/putnamlab/jillashey/Francois_data/fastqc_results/raw/1_2_fastqc.zip /data/putnamlab/jillashey/Francois_data/fastqc_results/raw/13_1_fastqc.zip /data/putnamlab/jillashey/Francois_data/fastqc_results/raw/13_2_fastqc.zip /data/putnamlab/jillashey/Francois_data/fastqc_results/raw/14_1_fastqc.zip /data/putnamlab/jillashey/Francois_data/fastqc_results/raw/14_2_fastqc.zip /data/putnamlab/jillashey/Francois_data/fastqc_results/raw/15_2_fastqc.zip /data/putnamlab/jillashey/Francois_data/fastqc_results/raw/16_2_fastqc.zip /data/putnamlab/jillashey/Francois_data/fastqc_results/raw/17_1_fastqc.zip /data/putnamlab/jillashey/Francois_data/fastqc_results/raw/18_1_fastqc.zip /data/putnamlab/jillashey/Francois_data/fastqc_results/raw/19_2_fastqc.zip /data/putnamlab/jillashey/Francois_data/fastqc_results/raw/20_2_fastqc.zip /data/putnamlab/jillashey/Francois_data/fastqc_results/raw/21_1_fastqc.zip /data/putnamlab/jillashey/Francois_data/fastqc_results/raw/22_1_fastqc.zip /data/putnamlab/jillashey/Francois_data/fastqc_results/raw/2_2_fastqc.zip /data/putnamlab/jillashey/Francois_data/fastqc_results/raw/23_1_fastqc.zip /data/putnamlab/jillashey/Francois_data/fastqc_results/raw/24_1_fastqc.zip /data/putnamlab/jillashey/Francois_data/fastqc_results/raw/25_1_fastqc.zip /data/putnamlab/jillashey/Francois_data/fastqc_results/raw/25_2_fastqc.zip /data/putnamlab/jillashey/Francois_data/fastqc_results/raw/26_1_fastqc.zip /data/putnamlab/jillashey/Francois_data/fastqc_results/raw/26_2_fastqc.zip /data/putnamlab/jillashey/Francois_data/fastqc_results/raw/27_1_fastqc.zip /data/putnamlab/jillashey/Francois_data/fastqc_results/raw/28_2_fastqc.zip /data/putnamlab/jillashey/Francois_data/fastqc_results/raw/29_1_fastqc.zip /data/putnamlab/jillashey/Francois_data/fastqc_results/raw/30_1_fastqc.zip /data/putnamlab/jillashey/Francois_data/fastqc_results/raw/31_2_fastqc.zip /data/putnamlab/jillashey/Francois_data/fastqc_results/raw/3_1_fastqc.zip /data/putnamlab/jillashey/Francois_data/fastqc_results/raw/32_1_fastqc.zip /data/putnamlab/jillashey/Francois_data/fastqc_results/raw/32_2_fastqc.zip /data/putnamlab/jillashey/Francois_data/fastqc_results/raw/3_2_fastqc.zip /data/putnamlab/jillashey/Francois_data/fastqc_results/raw/33_1_fastqc.zip /data/putnamlab/jillashey/Francois_data/fastqc_results/raw/34_1_fastqc.zip /data/putnamlab/jillashey/Francois_data/fastqc_results/raw/35_2_fastqc.zip /data/putnamlab/jillashey/Francois_data/fastqc_results/raw/36_2_fastqc.zip /data/putnamlab/jillashey/Francois_data/fastqc_results/raw/37_1_fastqc.zip /data/putnamlab/jillashey/Francois_data/fastqc_results/raw/37_2_fastqc.zip /data/putnamlab/jillashey/Francois_data/fastqc_results/raw/38_2_fastqc.zip /data/putnamlab/jillashey/Francois_data/fastqc_results/raw/39_1_fastqc.zip /data/putnamlab/jillashey/Francois_data/fastqc_results/raw/39_2_fastqc.zip /data/putnamlab/jillashey/Francois_data/fastqc_results/raw/40_2_fastqc.zip /data/putnamlab/jillashey/Francois_data/fastqc_results/raw/41_1_fastqc.zip /data/putnamlab/jillashey/Francois_data/fastqc_results/raw/41_2_fastqc.zip /data/putnamlab/jillashey/Francois_data/fastqc_results/raw/4_1_fastqc.zip /data/putnamlab/jillashey/Francois_data/fastqc_results/raw/42_2_fastqc.zip /data/putnamlab/jillashey/Francois_data/fastqc_results/raw/4_2_fastqc.zip /data/putnamlab/jillashey/Francois_data/fastqc_results/raw/43_1_fastqc.zip /data/putnamlab/jillashey/Francois_data/fastqc_results/raw/43_2_fastqc.zip /data/putnamlab/jillashey/Francois_data/fastqc_results/raw/44_1_fastqc.zip /data/putnamlab/jillashey/Francois_data/fastqc_results/raw/45_1_fastqc.zip /data/putnamlab/jillashey/Francois_data/fastqc_results/raw/45_2_fastqc.zip /data/putnamlab/jillashey/Francois_data/fastqc_results/raw/46_1_fastqc.zip /data/putnamlab/jillashey/Francois_data/fastqc_results/raw/47_2_fastqc.zip /data/putnamlab/jillashey/Francois_data/fastqc_results/raw/48_2_fastqc.zip /data/putnamlab/jillashey/Francois_data/fastqc_results/raw/5_1_fastqc.zip /data/putnamlab/jillashey/Francois_data/fastqc_results/raw/5_2_fastqc.zip /data/putnamlab/jillashey/Francois_data/fastqc_results/raw/6_1_fastqc.zip /data/putnamlab/jillashey/Francois_data/fastqc_results/raw/6_2_fastqc.zip /data/putnamlab/jillashey/Francois_data/fastqc_results/raw/7_1_fastqc.zip /data/putnamlab/jillashey/Francois_data/fastqc_results/raw/8_1_fastqc.zip /data/putnamlab/jillashey/Francois_data/fastqc_results/raw/9_1_fastqc.zip /data/putnamlab/jillashey/Francois_data/fastqc_results/raw/9_2_fastqc.zip
[2020-07-21 22:10:11,728] multiqc                                            [DEBUG  ]  Working dir : /data/putnamlab/jillashey/Francois_data
[2020-07-21 22:10:11,728] multiqc                                            [INFO   ]  Template    : default
[2020-07-21 22:10:11,729] multiqc                                            [INFO   ]  Searching '/data/putnamlab/jillashey/Francois_data/fastqc_results/raw/10_2_fastqc.zip'
[2020-07-21 22:10:11,729] multiqc                                            [INFO   ]  Searching '/data/putnamlab/jillashey/Francois_data/fastqc_results/raw/11_1_fastqc.zip'
[2020-07-21 22:10:11,729] multiqc                                            [INFO   ]  Searching '/data/putnamlab/jillashey/Francois_data/fastqc_results/raw/11_2_fastqc.zip'
[2020-07-21 22:10:11,729] multiqc                                            [INFO   ]  Searching '/data/putnamlab/jillashey/Francois_data/fastqc_results/raw/12_1_fastqc.zip'
[2020-07-21 22:10:11,730] multiqc                                            [INFO   ]  Searching '/data/putnamlab/jillashey/Francois_data/fastqc_results/raw/1_2_fastqc.zip'
[2020-07-21 22:10:11,730] multiqc                                            [INFO   ]  Searching '/data/putnamlab/jillashey/Francois_data/fastqc_results/raw/13_1_fastqc.zip'
[2020-07-21 22:10:11,730] multiqc                                            [INFO   ]  Searching '/data/putnamlab/jillashey/Francois_data/fastqc_results/raw/13_2_fastqc.zip'
[2020-07-21 22:10:11,730] multiqc                                            [INFO   ]  Searching '/data/putnamlab/jillashey/Francois_data/fastqc_results/raw/14_1_fastqc.zip'
[2020-07-21 22:10:11,731] multiqc                                            [INFO   ]  Searching '/data/putnamlab/jillashey/Francois_data/fastqc_results/raw/14_2_fastqc.zip'
[2020-07-21 22:10:11,731] multiqc                                            [INFO   ]  Searching '/data/putnamlab/jillashey/Francois_data/fastqc_results/raw/15_2_fastqc.zip'
[2020-07-21 22:10:11,731] multiqc                                            [INFO   ]  Searching '/data/putnamlab/jillashey/Francois_data/fastqc_results/raw/16_2_fastqc.zip'
[2020-07-21 22:10:11,731] multiqc                                            [INFO   ]  Searching '/data/putnamlab/jillashey/Francois_data/fastqc_results/raw/17_1_fastqc.zip'
[2020-07-21 22:10:11,731] multiqc                                            [INFO   ]  Searching '/data/putnamlab/jillashey/Francois_data/fastqc_results/raw/18_1_fastqc.zip'
[2020-07-21 22:10:11,731] multiqc                                            [INFO   ]  Searching '/data/putnamlab/jillashey/Francois_data/fastqc_results/raw/19_2_fastqc.zip'
[2020-07-21 22:10:11,731] multiqc                                            [INFO   ]  Searching '/data/putnamlab/jillashey/Francois_data/fastqc_results/raw/20_2_fastqc.zip'
[2020-07-21 22:10:11,732] multiqc                                            [INFO   ]  Searching '/data/putnamlab/jillashey/Francois_data/fastqc_results/raw/21_1_fastqc.zip'
[2020-07-21 22:10:11,732] multiqc                                            [INFO   ]  Searching '/data/putnamlab/jillashey/Francois_data/fastqc_results/raw/22_1_fastqc.zip'
[2020-07-21 22:10:11,732] multiqc                                            [INFO   ]  Searching '/data/putnamlab/jillashey/Francois_data/fastqc_results/raw/2_2_fastqc.zip'
[2020-07-21 22:10:11,732] multiqc                                            [INFO   ]  Searching '/data/putnamlab/jillashey/Francois_data/fastqc_results/raw/23_1_fastqc.zip'
[2020-07-21 22:10:11,732] multiqc                                            [INFO   ]  Searching '/data/putnamlab/jillashey/Francois_data/fastqc_results/raw/24_1_fastqc.zip'
[2020-07-21 22:10:11,732] multiqc                                            [INFO   ]  Searching '/data/putnamlab/jillashey/Francois_data/fastqc_results/raw/25_1_fastqc.zip'
[2020-07-21 22:10:11,732] multiqc                                            [INFO   ]  Searching '/data/putnamlab/jillashey/Francois_data/fastqc_results/raw/25_2_fastqc.zip'
[2020-07-21 22:10:11,732] multiqc                                            [INFO   ]  Searching '/data/putnamlab/jillashey/Francois_data/fastqc_results/raw/26_1_fastqc.zip'
[2020-07-21 22:10:11,732] multiqc                                            [INFO   ]  Searching '/data/putnamlab/jillashey/Francois_data/fastqc_results/raw/26_2_fastqc.zip'
[2020-07-21 22:10:11,732] multiqc                                            [INFO   ]  Searching '/data/putnamlab/jillashey/Francois_data/fastqc_results/raw/27_1_fastqc.zip'
[2020-07-21 22:10:11,733] multiqc                                            [INFO   ]  Searching '/data/putnamlab/jillashey/Francois_data/fastqc_results/raw/28_2_fastqc.zip'
[2020-07-21 22:10:11,733] multiqc                                            [INFO   ]  Searching '/data/putnamlab/jillashey/Francois_data/fastqc_results/raw/29_1_fastqc.zip'
[2020-07-21 22:10:11,733] multiqc                                            [INFO   ]  Searching '/data/putnamlab/jillashey/Francois_data/fastqc_results/raw/30_1_fastqc.zip'
[2020-07-21 22:10:11,733] multiqc                                            [INFO   ]  Searching '/data/putnamlab/jillashey/Francois_data/fastqc_results/raw/31_2_fastqc.zip'
[2020-07-21 22:10:11,733] multiqc                                            [INFO   ]  Searching '/data/putnamlab/jillashey/Francois_data/fastqc_results/raw/3_1_fastqc.zip'
[2020-07-21 22:10:11,733] multiqc                                            [INFO   ]  Searching '/data/putnamlab/jillashey/Francois_data/fastqc_results/raw/32_1_fastqc.zip'
[2020-07-21 22:10:11,733] multiqc                                            [INFO   ]  Searching '/data/putnamlab/jillashey/Francois_data/fastqc_results/raw/32_2_fastqc.zip'
[2020-07-21 22:10:11,733] multiqc                                            [INFO   ]  Searching '/data/putnamlab/jillashey/Francois_data/fastqc_results/raw/3_2_fastqc.zip'
[2020-07-21 22:10:11,733] multiqc                                            [INFO   ]  Searching '/data/putnamlab/jillashey/Francois_data/fastqc_results/raw/33_1_fastqc.zip'
[2020-07-21 22:10:11,733] multiqc                                            [INFO   ]  Searching '/data/putnamlab/jillashey/Francois_data/fastqc_results/raw/34_1_fastqc.zip'
[2020-07-21 22:10:11,733] multiqc                                            [INFO   ]  Searching '/data/putnamlab/jillashey/Francois_data/fastqc_results/raw/35_2_fastqc.zip'
[2020-07-21 22:10:11,734] multiqc                                            [INFO   ]  Searching '/data/putnamlab/jillashey/Francois_data/fastqc_results/raw/36_2_fastqc.zip'
[2020-07-21 22:10:11,734] multiqc                                            [INFO   ]  Searching '/data/putnamlab/jillashey/Francois_data/fastqc_results/raw/37_1_fastqc.zip'
[2020-07-21 22:10:11,734] multiqc                                            [INFO   ]  Searching '/data/putnamlab/jillashey/Francois_data/fastqc_results/raw/37_2_fastqc.zip'
[2020-07-21 22:10:11,734] multiqc                                            [INFO   ]  Searching '/data/putnamlab/jillashey/Francois_data/fastqc_results/raw/38_2_fastqc.zip'
[2020-07-21 22:10:11,734] multiqc                                            [INFO   ]  Searching '/data/putnamlab/jillashey/Francois_data/fastqc_results/raw/39_1_fastqc.zip'
[2020-07-21 22:10:11,734] multiqc                                            [INFO   ]  Searching '/data/putnamlab/jillashey/Francois_data/fastqc_results/raw/39_2_fastqc.zip'
[2020-07-21 22:10:11,734] multiqc                                            [INFO   ]  Searching '/data/putnamlab/jillashey/Francois_data/fastqc_results/raw/40_2_fastqc.zip'
[2020-07-21 22:10:11,734] multiqc                                            [INFO   ]  Searching '/data/putnamlab/jillashey/Francois_data/fastqc_results/raw/41_1_fastqc.zip'
[2020-07-21 22:10:11,734] multiqc                                            [INFO   ]  Searching '/data/putnamlab/jillashey/Francois_data/fastqc_results/raw/41_2_fastqc.zip'
[2020-07-21 22:10:11,734] multiqc                                            [INFO   ]  Searching '/data/putnamlab/jillashey/Francois_data/fastqc_results/raw/4_1_fastqc.zip'
[2020-07-21 22:10:11,734] multiqc                                            [INFO   ]  Searching '/data/putnamlab/jillashey/Francois_data/fastqc_results/raw/42_2_fastqc.zip'
[2020-07-21 22:10:11,735] multiqc                                            [INFO   ]  Searching '/data/putnamlab/jillashey/Francois_data/fastqc_results/raw/4_2_fastqc.zip'
[2020-07-21 22:10:11,735] multiqc                                            [INFO   ]  Searching '/data/putnamlab/jillashey/Francois_data/fastqc_results/raw/43_1_fastqc.zip'
[2020-07-21 22:10:11,735] multiqc                                            [INFO   ]  Searching '/data/putnamlab/jillashey/Francois_data/fastqc_results/raw/43_2_fastqc.zip'
[2020-07-21 22:10:11,735] multiqc                                            [INFO   ]  Searching '/data/putnamlab/jillashey/Francois_data/fastqc_results/raw/44_1_fastqc.zip'
[2020-07-21 22:10:11,735] multiqc                                            [INFO   ]  Searching '/data/putnamlab/jillashey/Francois_data/fastqc_results/raw/45_1_fastqc.zip'
[2020-07-21 22:10:11,735] multiqc                                            [INFO   ]  Searching '/data/putnamlab/jillashey/Francois_data/fastqc_results/raw/45_2_fastqc.zip'
[2020-07-21 22:10:11,735] multiqc                                            [INFO   ]  Searching '/data/putnamlab/jillashey/Francois_data/fastqc_results/raw/46_1_fastqc.zip'
[2020-07-21 22:10:11,735] multiqc                                            [INFO   ]  Searching '/data/putnamlab/jillashey/Francois_data/fastqc_results/raw/47_2_fastqc.zip'
[2020-07-21 22:10:11,735] multiqc                                            [INFO   ]  Searching '/data/putnamlab/jillashey/Francois_data/fastqc_results/raw/48_2_fastqc.zip'
[2020-07-21 22:10:11,735] multiqc                                            [INFO   ]  Searching '/data/putnamlab/jillashey/Francois_data/fastqc_results/raw/5_1_fastqc.zip'
[2020-07-21 22:10:11,735] multiqc                                            [INFO   ]  Searching '/data/putnamlab/jillashey/Francois_data/fastqc_results/raw/5_2_fastqc.zip'
[2020-07-21 22:10:11,736] multiqc                                            [INFO   ]  Searching '/data/putnamlab/jillashey/Francois_data/fastqc_results/raw/6_1_fastqc.zip'
[2020-07-21 22:10:11,736] multiqc                                            [INFO   ]  Searching '/data/putnamlab/jillashey/Francois_data/fastqc_results/raw/6_2_fastqc.zip'
[2020-07-21 22:10:11,736] multiqc                                            [INFO   ]  Searching '/data/putnamlab/jillashey/Francois_data/fastqc_results/raw/7_1_fastqc.zip'
[2020-07-21 22:10:11,736] multiqc                                            [INFO   ]  Searching '/data/putnamlab/jillashey/Francois_data/fastqc_results/raw/8_1_fastqc.zip'
[2020-07-21 22:10:11,736] multiqc                                            [INFO   ]  Searching '/data/putnamlab/jillashey/Francois_data/fastqc_results/raw/9_1_fastqc.zip'
[2020-07-21 22:10:11,736] multiqc                                            [INFO   ]  Searching '/data/putnamlab/jillashey/Francois_data/fastqc_results/raw/9_2_fastqc.zip'
[2020-07-21 22:10:11,736] multiqc                                            [DEBUG  ]  Analysing modules: custom_content, conpair, peddy, methylQA, phantompeakqualtools, qualimap, preseq, quast, qorts, rna_seqc, rsem, rseqc, busco, goleft_indexcov, disambiguate, supernova, deeptools, sargasso, verifybamid, mirtrace, happy, homer, macs2, theta2, snpeff, gatk, htseq, bcftools, featureCounts, dedup, damageprofiler, picard, prokka, samblaster, samtools, bamtools, jellyfish, vcftools, longranger, stacks, bbmap, bismark, biscuit, hicexplorer, hicup, hicpro, salmon, kallisto, slamdunk, star, hisat2, tophat, bowtie2, bowtie1, kat, leehom, adapterRemoval, clipandmerge, cutadapt, flexbar, trimmomatic, skewer, sortmerna, biobloomtools, fastq_screen, afterqc, fastp, fastqc, minionqc, clusterflow, bcl2fastq, interop, flash
[2020-07-21 22:10:11,737] multiqc                                            [DEBUG  ]  Using temporary directory for creating report: /tmp/tmpyuOOXi
[2020-07-21 22:10:12,622] multiqc                                            [DEBUG  ]  No samples found: custom_content
[2020-07-21 22:10:12,629] multiqc                                            [DEBUG  ]  No samples found: conpair
[2020-07-21 22:10:12,635] multiqc                                            [DEBUG  ]  No samples found: peddy
[2020-07-21 22:10:12,642] multiqc                                            [DEBUG  ]  No samples found: methylQA
[2020-07-21 22:10:12,648] multiqc                                            [DEBUG  ]  No samples found: phantompeakqualtools
[2020-07-21 22:10:12,656] multiqc                                            [DEBUG  ]  No samples found: qualimap
[2020-07-21 22:10:12,662] multiqc                                            [DEBUG  ]  No samples found: preseq
[2020-07-21 22:10:12,669] multiqc                                            [DEBUG  ]  No samples found: quast
[2020-07-21 22:10:12,675] multiqc                                            [DEBUG  ]  No samples found: qorts
[2020-07-21 22:10:12,682] multiqc                                            [DEBUG  ]  No samples found: rna_seqc
[2020-07-21 22:10:12,688] multiqc                                            [DEBUG  ]  No samples found: rsem
[2020-07-21 22:10:12,698] multiqc                                            [DEBUG  ]  No samples found: rseqc
[2020-07-21 22:10:12,704] multiqc                                            [DEBUG  ]  No samples found: busco
[2020-07-21 22:10:12,710] multiqc                                            [DEBUG  ]  No samples found: goleft_indexcov
[2020-07-21 22:10:12,717] multiqc                                            [DEBUG  ]  No samples found: disambiguate
[2020-07-21 22:10:12,724] multiqc                                            [DEBUG  ]  No samples found: supernova
[2020-07-21 22:10:12,733] multiqc                                            [DEBUG  ]  No samples found: deeptools
[2020-07-21 22:10:12,740] multiqc                                            [DEBUG  ]  No samples found: sargasso
[2020-07-21 22:10:12,746] multiqc                                            [DEBUG  ]  No samples found: verifybamid
[2020-07-21 22:10:12,753] multiqc                                            [DEBUG  ]  No samples found: mirtrace
[2020-07-21 22:10:12,759] multiqc                                            [DEBUG  ]  No samples found: happy
[2020-07-21 22:10:12,767] multiqc                                            [DEBUG  ]  No samples found: homer
[2020-07-21 22:10:12,773] multiqc                                            [DEBUG  ]  No samples found: macs2
[2020-07-21 22:10:12,780] multiqc                                            [DEBUG  ]  No samples found: theta2
[2020-07-21 22:10:12,786] multiqc                                            [DEBUG  ]  No samples found: snpeff
[2020-07-21 22:10:12,793] multiqc                                            [DEBUG  ]  No samples found: gatk
[2020-07-21 22:10:12,800] multiqc                                            [DEBUG  ]  No samples found: htseq
[2020-07-21 22:10:12,806] multiqc                                            [DEBUG  ]  No samples found: bcftools
[2020-07-21 22:10:12,813] multiqc                                            [DEBUG  ]  No samples found: featureCounts
[2020-07-21 22:10:12,819] multiqc                                            [DEBUG  ]  No samples found: dedup
[2020-07-21 22:10:12,825] multiqc                                            [DEBUG  ]  No samples found: damageprofiler
[2020-07-21 22:10:12,837] multiqc                                            [DEBUG  ]  No samples found: picard
[2020-07-21 22:10:12,843] multiqc                                            [DEBUG  ]  No samples found: prokka
[2020-07-21 22:10:12,850] multiqc                                            [DEBUG  ]  No samples found: samblaster
[2020-07-21 22:10:12,858] multiqc                                            [DEBUG  ]  No samples found: samtools
[2020-07-21 22:10:12,864] multiqc                                            [DEBUG  ]  No samples found: bamtools
[2020-07-21 22:10:12,871] multiqc                                            [DEBUG  ]  No samples found: jellyfish
[2020-07-21 22:10:12,878] multiqc                                            [DEBUG  ]  No samples found: vcftools
[2020-07-21 22:10:12,885] multiqc                                            [DEBUG  ]  No samples found: longranger
[2020-07-21 22:10:12,891] multiqc                                            [DEBUG  ]  No samples found: stacks
[2020-07-21 22:10:12,902] multiqc                                            [DEBUG  ]  No samples found: bbmap
[2020-07-21 22:10:12,909] multiqc                                            [DEBUG  ]  No samples found: bismark
[2020-07-21 22:10:12,916] multiqc                                            [DEBUG  ]  No samples found: biscuit
[2020-07-21 22:10:12,922] multiqc                                            [DEBUG  ]  No samples found: hicexplorer
[2020-07-21 22:10:12,928] multiqc                                            [DEBUG  ]  No samples found: hicup
[2020-07-21 22:10:12,935] multiqc                                            [DEBUG  ]  No samples found: hicpro
[2020-07-21 22:10:12,941] multiqc                                            [DEBUG  ]  No samples found: salmon
[2020-07-21 22:10:12,947] multiqc                                            [DEBUG  ]  No samples found: kallisto
[2020-07-21 22:10:12,955] multiqc                                            [DEBUG  ]  No samples found: slamdunk
[2020-07-21 22:10:12,961] multiqc                                            [DEBUG  ]  No samples found: star
[2020-07-21 22:10:12,967] multiqc                                            [DEBUG  ]  No samples found: hisat2
[2020-07-21 22:10:12,973] multiqc                                            [DEBUG  ]  No samples found: tophat
[2020-07-21 22:10:12,979] multiqc                                            [DEBUG  ]  No samples found: bowtie2
[2020-07-21 22:10:12,986] multiqc                                            [DEBUG  ]  No samples found: bowtie1
[2020-07-21 22:10:12,992] multiqc                                            [DEBUG  ]  No samples found: kat
[2020-07-21 22:10:12,998] multiqc                                            [DEBUG  ]  No samples found: leehom
[2020-07-21 22:10:13,004] multiqc                                            [DEBUG  ]  No samples found: adapterRemoval
[2020-07-21 22:10:13,010] multiqc                                            [DEBUG  ]  No samples found: clipandmerge
[2020-07-21 22:10:13,017] multiqc                                            [DEBUG  ]  No samples found: cutadapt
[2020-07-21 22:10:13,023] multiqc                                            [DEBUG  ]  No samples found: flexbar
[2020-07-21 22:10:13,029] multiqc                                            [DEBUG  ]  No samples found: trimmomatic
[2020-07-21 22:10:13,036] multiqc                                            [DEBUG  ]  No samples found: skewer
[2020-07-21 22:10:13,041] multiqc                                            [DEBUG  ]  No samples found: sortmerna
[2020-07-21 22:10:13,046] multiqc                                            [DEBUG  ]  No samples found: biobloomtools
[2020-07-21 22:10:13,051] multiqc                                            [DEBUG  ]  No samples found: fastq_screen
[2020-07-21 22:10:13,056] multiqc                                            [DEBUG  ]  No samples found: afterqc
[2020-07-21 22:10:13,061] multiqc                                            [DEBUG  ]  No samples found: fastp
[2020-07-21 22:10:23,799] multiqc.modules.fastqc.fastqc                      [INFO   ]  Found 64 reports
[2020-07-21 22:10:28,165] multiqc                                            [DEBUG  ]  No samples found: minionqc
[2020-07-21 22:10:28,171] multiqc                                            [DEBUG  ]  No samples found: clusterflow
[2020-07-21 22:10:28,176] multiqc                                            [DEBUG  ]  No samples found: bcl2fastq
[2020-07-21 22:10:28,182] multiqc                                            [DEBUG  ]  No samples found: interop
[2020-07-21 22:10:28,187] multiqc                                            [DEBUG  ]  No samples found: flash
[2020-07-21 22:10:28,278] multiqc                                            [INFO   ]  Compressing plot data
[2020-07-21 22:10:31,302] multiqc                                            [INFO   ]  Report      : multiqc_report.html
[2020-07-21 22:10:31,303] multiqc                                            [INFO   ]  Data        : multiqc_data
[2020-07-21 22:10:31,467] multiqc                                            [DEBUG  ]  Moving data file from '/tmp/tmpyuOOXi/multiqc_data/multiqc_sources.txt' to '/data/putnamlab/jillashey/Francois_data/multiqc_data'
[2020-07-21 22:10:31,522] multiqc                                            [DEBUG  ]  Moving data file from '/tmp/tmpyuOOXi/multiqc_data/multiqc_general_stats.txt' to '/data/putnamlab/jillashey/Francois_data/multiqc_data'
[2020-07-21 22:10:31,550] multiqc                                            [DEBUG  ]  Moving data file from '/tmp/tmpyuOOXi/multiqc_data/multiqc_data.json' to '/data/putnamlab/jillashey/Francois_data/multiqc_data'
[2020-07-21 22:10:31,682] multiqc                                            [DEBUG  ]  Moving data file from '/tmp/tmpyuOOXi/multiqc_data/multiqc_fastqc.txt' to '/data/putnamlab/jillashey/Francois_data/multiqc_data'
[2020-07-21 22:10:32,164] multiqc                                            [INFO   ]  MultiQC complete
