[2020-09-14 23:26:28,821] multiqc                                            [DEBUG  ]  No MultiQC config found: /opt/software/MultiQC/1.7-foss-2018b-Python-2.7.15/lib/python2.7/site-packages/multiqc_config.yaml
[2020-09-14 23:26:28,821] multiqc                                            [DEBUG  ]  No MultiQC config found: /home/jillashey/.multiqc_config.yaml
[2020-09-14 23:26:28,823] multiqc                                            [DEBUG  ]  No MultiQC config found: multiqc_config.yaml
[2020-09-14 23:26:28,823] multiqc                                            [DEBUG  ]  Command used: /opt/software/MultiQC/1.7-foss-2018b-Python-2.7.15/bin/multiqc /data/putnamlab/jillashey/Francois_data/Florida/fastqc_results/raw/raw_include/17_ctl2_Of_ZTH_1_fastqc.zip /data/putnamlab/jillashey/Francois_data/Florida/fastqc_results/raw/raw_include/22_ctl2_Mc_TWF_1_fastqc.zip /data/putnamlab/jillashey/Francois_data/Florida/fastqc_results/raw/raw_include/23_ctl1_Of_CTX_1_fastqc.zip /data/putnamlab/jillashey/Francois_data/Florida/fastqc_results/raw/raw_include/25_ctl1_Ac_GF_1_fastqc.zip /data/putnamlab/jillashey/Francois_data/Florida/fastqc_results/raw/raw_include/27_ctl2_Ac_YG_1_fastqc.zip /data/putnamlab/jillashey/Francois_data/Florida/fastqc_results/raw/raw_include/28_ctl1_Mc_GBM_1_fastqc.zip /data/putnamlab/jillashey/Francois_data/Florida/fastqc_results/raw/raw_include/41_ctl3_Ac_RN_1_fastqc.zip /data/putnamlab/jillashey/Francois_data/Florida/fastqc_results/raw/raw_include/42_ctl3_Mc_MGR_1_fastqc.zip /data/putnamlab/jillashey/Francois_data/Florida/fastqc_results/raw/raw_include/43_ctl3_Of_JVP_1_fastqc.zip /data/putnamlab/jillashey/Francois_data/Florida/fastqc_results/raw/raw_include/44_T41_Of_PVT_1_fastqc.zip /data/putnamlab/jillashey/Francois_data/Florida/fastqc_results/raw/raw_include/45_T41_Ac_SC_1_fastqc.zip /data/putnamlab/jillashey/Francois_data/Florida/fastqc_results/raw/raw_include/46_T41_Mc_QYH_1_fastqc.zip -o /data/putnamlab/jillashey/Francois_data/Florida/multiqc_results/raw/raw_include
[2020-09-14 23:26:29,740] multiqc                                            [WARNING]  MultiQC Version v1.9 now available!
[2020-09-14 23:26:29,740] multiqc                                            [INFO   ]  This is MultiQC v1.7
[2020-09-14 23:26:29,741] multiqc                                            [DEBUG  ]  Command     : /opt/software/MultiQC/1.7-foss-2018b-Python-2.7.15/bin/multiqc /data/putnamlab/jillashey/Francois_data/Florida/fastqc_results/raw/raw_include/17_ctl2_Of_ZTH_1_fastqc.zip /data/putnamlab/jillashey/Francois_data/Florida/fastqc_results/raw/raw_include/22_ctl2_Mc_TWF_1_fastqc.zip /data/putnamlab/jillashey/Francois_data/Florida/fastqc_results/raw/raw_include/23_ctl1_Of_CTX_1_fastqc.zip /data/putnamlab/jillashey/Francois_data/Florida/fastqc_results/raw/raw_include/25_ctl1_Ac_GF_1_fastqc.zip /data/putnamlab/jillashey/Francois_data/Florida/fastqc_results/raw/raw_include/27_ctl2_Ac_YG_1_fastqc.zip /data/putnamlab/jillashey/Francois_data/Florida/fastqc_results/raw/raw_include/28_ctl1_Mc_GBM_1_fastqc.zip /data/putnamlab/jillashey/Francois_data/Florida/fastqc_results/raw/raw_include/41_ctl3_Ac_RN_1_fastqc.zip /data/putnamlab/jillashey/Francois_data/Florida/fastqc_results/raw/raw_include/42_ctl3_Mc_MGR_1_fastqc.zip /data/putnamlab/jillashey/Francois_data/Florida/fastqc_results/raw/raw_include/43_ctl3_Of_JVP_1_fastqc.zip /data/putnamlab/jillashey/Francois_data/Florida/fastqc_results/raw/raw_include/44_T41_Of_PVT_1_fastqc.zip /data/putnamlab/jillashey/Francois_data/Florida/fastqc_results/raw/raw_include/45_T41_Ac_SC_1_fastqc.zip /data/putnamlab/jillashey/Francois_data/Florida/fastqc_results/raw/raw_include/46_T41_Mc_QYH_1_fastqc.zip -o /data/putnamlab/jillashey/Francois_data/Florida/multiqc_results/raw/raw_include
[2020-09-14 23:26:29,741] multiqc                                            [DEBUG  ]  Working dir : /data/putnamlab/jillashey/Francois_data/Florida/multiqc_results/raw
[2020-09-14 23:26:29,741] multiqc                                            [INFO   ]  Template    : default
[2020-09-14 23:26:29,741] multiqc                                            [INFO   ]  Searching '/data/putnamlab/jillashey/Francois_data/Florida/fastqc_results/raw/raw_include/17_ctl2_Of_ZTH_1_fastqc.zip'
[2020-09-14 23:26:29,741] multiqc                                            [INFO   ]  Searching '/data/putnamlab/jillashey/Francois_data/Florida/fastqc_results/raw/raw_include/22_ctl2_Mc_TWF_1_fastqc.zip'
[2020-09-14 23:26:29,741] multiqc                                            [INFO   ]  Searching '/data/putnamlab/jillashey/Francois_data/Florida/fastqc_results/raw/raw_include/23_ctl1_Of_CTX_1_fastqc.zip'
[2020-09-14 23:26:29,742] multiqc                                            [INFO   ]  Searching '/data/putnamlab/jillashey/Francois_data/Florida/fastqc_results/raw/raw_include/25_ctl1_Ac_GF_1_fastqc.zip'
[2020-09-14 23:26:29,742] multiqc                                            [INFO   ]  Searching '/data/putnamlab/jillashey/Francois_data/Florida/fastqc_results/raw/raw_include/27_ctl2_Ac_YG_1_fastqc.zip'
[2020-09-14 23:26:29,742] multiqc                                            [INFO   ]  Searching '/data/putnamlab/jillashey/Francois_data/Florida/fastqc_results/raw/raw_include/28_ctl1_Mc_GBM_1_fastqc.zip'
[2020-09-14 23:26:29,742] multiqc                                            [INFO   ]  Searching '/data/putnamlab/jillashey/Francois_data/Florida/fastqc_results/raw/raw_include/41_ctl3_Ac_RN_1_fastqc.zip'
[2020-09-14 23:26:29,742] multiqc                                            [INFO   ]  Searching '/data/putnamlab/jillashey/Francois_data/Florida/fastqc_results/raw/raw_include/42_ctl3_Mc_MGR_1_fastqc.zip'
[2020-09-14 23:26:29,742] multiqc                                            [INFO   ]  Searching '/data/putnamlab/jillashey/Francois_data/Florida/fastqc_results/raw/raw_include/43_ctl3_Of_JVP_1_fastqc.zip'
[2020-09-14 23:26:29,742] multiqc                                            [INFO   ]  Searching '/data/putnamlab/jillashey/Francois_data/Florida/fastqc_results/raw/raw_include/44_T41_Of_PVT_1_fastqc.zip'
[2020-09-14 23:26:29,742] multiqc                                            [INFO   ]  Searching '/data/putnamlab/jillashey/Francois_data/Florida/fastqc_results/raw/raw_include/45_T41_Ac_SC_1_fastqc.zip'
[2020-09-14 23:26:29,742] multiqc                                            [INFO   ]  Searching '/data/putnamlab/jillashey/Francois_data/Florida/fastqc_results/raw/raw_include/46_T41_Mc_QYH_1_fastqc.zip'
[2020-09-14 23:26:29,743] multiqc                                            [DEBUG  ]  Analysing modules: custom_content, conpair, peddy, methylQA, phantompeakqualtools, qualimap, preseq, quast, qorts, rna_seqc, rsem, rseqc, busco, goleft_indexcov, disambiguate, supernova, deeptools, sargasso, verifybamid, mirtrace, happy, homer, macs2, theta2, snpeff, gatk, htseq, bcftools, featureCounts, dedup, damageprofiler, picard, prokka, samblaster, samtools, bamtools, jellyfish, vcftools, longranger, stacks, bbmap, bismark, biscuit, hicexplorer, hicup, hicpro, salmon, kallisto, slamdunk, star, hisat2, tophat, bowtie2, bowtie1, kat, leehom, adapterRemoval, clipandmerge, cutadapt, flexbar, trimmomatic, skewer, sortmerna, biobloomtools, fastq_screen, afterqc, fastp, fastqc, minionqc, clusterflow, bcl2fastq, interop, flash
[2020-09-14 23:26:29,743] multiqc                                            [DEBUG  ]  Using temporary directory for creating report: /tmp/tmpeHgx2z
[2020-09-14 23:26:30,249] multiqc                                            [DEBUG  ]  No samples found: custom_content
[2020-09-14 23:26:30,256] multiqc                                            [DEBUG  ]  No samples found: conpair
[2020-09-14 23:26:30,263] multiqc                                            [DEBUG  ]  No samples found: peddy
[2020-09-14 23:26:30,269] multiqc                                            [DEBUG  ]  No samples found: methylQA
[2020-09-14 23:26:30,275] multiqc                                            [DEBUG  ]  No samples found: phantompeakqualtools
[2020-09-14 23:26:30,283] multiqc                                            [DEBUG  ]  No samples found: qualimap
[2020-09-14 23:26:30,289] multiqc                                            [DEBUG  ]  No samples found: preseq
[2020-09-14 23:26:30,296] multiqc                                            [DEBUG  ]  No samples found: quast
[2020-09-14 23:26:30,306] multiqc                                            [DEBUG  ]  No samples found: qorts
[2020-09-14 23:26:30,319] multiqc                                            [DEBUG  ]  No samples found: rna_seqc
[2020-09-14 23:26:30,326] multiqc                                            [DEBUG  ]  No samples found: rsem
[2020-09-14 23:26:30,336] multiqc                                            [DEBUG  ]  No samples found: rseqc
[2020-09-14 23:26:30,342] multiqc                                            [DEBUG  ]  No samples found: busco
[2020-09-14 23:26:30,348] multiqc                                            [DEBUG  ]  No samples found: goleft_indexcov
[2020-09-14 23:26:30,354] multiqc                                            [DEBUG  ]  No samples found: disambiguate
[2020-09-14 23:26:30,361] multiqc                                            [DEBUG  ]  No samples found: supernova
[2020-09-14 23:26:30,370] multiqc                                            [DEBUG  ]  No samples found: deeptools
[2020-09-14 23:26:30,376] multiqc                                            [DEBUG  ]  No samples found: sargasso
[2020-09-14 23:26:30,383] multiqc                                            [DEBUG  ]  No samples found: verifybamid
[2020-09-14 23:26:30,389] multiqc                                            [DEBUG  ]  No samples found: mirtrace
[2020-09-14 23:26:30,395] multiqc                                            [DEBUG  ]  No samples found: happy
[2020-09-14 23:26:30,402] multiqc                                            [DEBUG  ]  No samples found: homer
[2020-09-14 23:26:30,408] multiqc                                            [DEBUG  ]  No samples found: macs2
[2020-09-14 23:26:30,414] multiqc                                            [DEBUG  ]  No samples found: theta2
[2020-09-14 23:26:30,420] multiqc                                            [DEBUG  ]  No samples found: snpeff
[2020-09-14 23:26:30,428] multiqc                                            [DEBUG  ]  No samples found: gatk
[2020-09-14 23:26:30,434] multiqc                                            [DEBUG  ]  No samples found: htseq
[2020-09-14 23:26:30,440] multiqc                                            [DEBUG  ]  No samples found: bcftools
[2020-09-14 23:26:30,446] multiqc                                            [DEBUG  ]  No samples found: featureCounts
[2020-09-14 23:26:30,452] multiqc                                            [DEBUG  ]  No samples found: dedup
[2020-09-14 23:26:30,458] multiqc                                            [DEBUG  ]  No samples found: damageprofiler
[2020-09-14 23:26:30,469] multiqc                                            [DEBUG  ]  No samples found: picard
[2020-09-14 23:26:30,475] multiqc                                            [DEBUG  ]  No samples found: prokka
[2020-09-14 23:26:30,481] multiqc                                            [DEBUG  ]  No samples found: samblaster
[2020-09-14 23:26:30,489] multiqc                                            [DEBUG  ]  No samples found: samtools
[2020-09-14 23:26:30,495] multiqc                                            [DEBUG  ]  No samples found: bamtools
[2020-09-14 23:26:30,501] multiqc                                            [DEBUG  ]  No samples found: jellyfish
[2020-09-14 23:26:30,508] multiqc                                            [DEBUG  ]  No samples found: vcftools
[2020-09-14 23:26:30,514] multiqc                                            [DEBUG  ]  No samples found: longranger
[2020-09-14 23:26:30,520] multiqc                                            [DEBUG  ]  No samples found: stacks
[2020-09-14 23:26:30,530] multiqc                                            [DEBUG  ]  No samples found: bbmap
[2020-09-14 23:26:30,537] multiqc                                            [DEBUG  ]  No samples found: bismark
[2020-09-14 23:26:30,544] multiqc                                            [DEBUG  ]  No samples found: biscuit
[2020-09-14 23:26:30,550] multiqc                                            [DEBUG  ]  No samples found: hicexplorer
[2020-09-14 23:26:30,556] multiqc                                            [DEBUG  ]  No samples found: hicup
[2020-09-14 23:26:30,562] multiqc                                            [DEBUG  ]  No samples found: hicpro
[2020-09-14 23:26:30,568] multiqc                                            [DEBUG  ]  No samples found: salmon
[2020-09-14 23:26:30,573] multiqc                                            [DEBUG  ]  No samples found: kallisto
[2020-09-14 23:26:30,580] multiqc                                            [DEBUG  ]  No samples found: slamdunk
[2020-09-14 23:26:30,586] multiqc                                            [DEBUG  ]  No samples found: star
[2020-09-14 23:26:30,592] multiqc                                            [DEBUG  ]  No samples found: hisat2
[2020-09-14 23:26:30,598] multiqc                                            [DEBUG  ]  No samples found: tophat
[2020-09-14 23:26:30,604] multiqc                                            [DEBUG  ]  No samples found: bowtie2
[2020-09-14 23:26:30,611] multiqc                                            [DEBUG  ]  No samples found: bowtie1
[2020-09-14 23:26:30,616] multiqc                                            [DEBUG  ]  No samples found: kat
[2020-09-14 23:26:30,621] multiqc                                            [DEBUG  ]  No samples found: leehom
[2020-09-14 23:26:30,626] multiqc                                            [DEBUG  ]  No samples found: adapterRemoval
[2020-09-14 23:26:30,631] multiqc                                            [DEBUG  ]  No samples found: clipandmerge
[2020-09-14 23:26:30,635] multiqc                                            [DEBUG  ]  No samples found: cutadapt
[2020-09-14 23:26:30,640] multiqc                                            [DEBUG  ]  No samples found: flexbar
[2020-09-14 23:26:30,645] multiqc                                            [DEBUG  ]  No samples found: trimmomatic
[2020-09-14 23:26:30,650] multiqc                                            [DEBUG  ]  No samples found: skewer
[2020-09-14 23:26:30,655] multiqc                                            [DEBUG  ]  No samples found: sortmerna
[2020-09-14 23:26:30,659] multiqc                                            [DEBUG  ]  No samples found: biobloomtools
[2020-09-14 23:26:30,664] multiqc                                            [DEBUG  ]  No samples found: fastq_screen
[2020-09-14 23:26:30,669] multiqc                                            [DEBUG  ]  No samples found: afterqc
[2020-09-14 23:26:30,674] multiqc                                            [DEBUG  ]  No samples found: fastp
[2020-09-14 23:26:32,511] multiqc.modules.fastqc.fastqc                      [INFO   ]  Found 12 reports
[2020-09-14 23:26:33,694] multiqc                                            [DEBUG  ]  No samples found: minionqc
[2020-09-14 23:26:33,700] multiqc                                            [DEBUG  ]  No samples found: clusterflow
[2020-09-14 23:26:33,705] multiqc                                            [DEBUG  ]  No samples found: bcl2fastq
[2020-09-14 23:26:33,711] multiqc                                            [DEBUG  ]  No samples found: interop
[2020-09-14 23:26:33,716] multiqc                                            [DEBUG  ]  No samples found: flash
[2020-09-14 23:26:33,734] multiqc                                            [INFO   ]  Compressing plot data
[2020-09-14 23:26:34,449] multiqc                                            [INFO   ]  Report      : raw_include/multiqc_report.html
[2020-09-14 23:26:34,449] multiqc                                            [INFO   ]  Data        : raw_include/multiqc_data
[2020-09-14 23:26:34,797] multiqc                                            [DEBUG  ]  Moving data file from '/tmp/tmpeHgx2z/multiqc_data/multiqc_sources.txt' to '/data/putnamlab/jillashey/Francois_data/Florida/multiqc_results/raw/raw_include/multiqc_data'
[2020-09-14 23:26:34,848] multiqc                                            [DEBUG  ]  Moving data file from '/tmp/tmpeHgx2z/multiqc_data/multiqc_general_stats.txt' to '/data/putnamlab/jillashey/Francois_data/Florida/multiqc_results/raw/raw_include/multiqc_data'
[2020-09-14 23:26:34,869] multiqc                                            [DEBUG  ]  Moving data file from '/tmp/tmpeHgx2z/multiqc_data/multiqc_data.json' to '/data/putnamlab/jillashey/Francois_data/Florida/multiqc_results/raw/raw_include/multiqc_data'
[2020-09-14 23:26:34,908] multiqc                                            [DEBUG  ]  Moving data file from '/tmp/tmpeHgx2z/multiqc_data/multiqc_fastqc.txt' to '/data/putnamlab/jillashey/Francois_data/Florida/multiqc_results/raw/raw_include/multiqc_data'
[2020-09-14 23:26:35,146] multiqc                                            [INFO   ]  MultiQC complete
