INFO [2022-01-19 19:31:47] $x
INFO [2022-01-19 19:31:47] list(A.cervicornis = acerv$GO.IDs, M.cavernosa = mcav$GO.IDs, 
INFO [2022-01-19 19:31:47]     O.faveolata = ofav$GO.IDs, P.lobata = plob$GO.IDs)
INFO [2022-01-19 19:31:47] 
INFO [2022-01-19 19:31:47] $filename
INFO [2022-01-19 19:31:47] [1] "Output/Figs/venn_mydata_ALLontologies.png"
INFO [2022-01-19 19:31:47] 
INFO [2022-01-19 19:31:47] $col
INFO [2022-01-19 19:31:47] [1] "transparent"
INFO [2022-01-19 19:31:47] 
INFO [2022-01-19 19:31:47] $fill
INFO [2022-01-19 19:31:47] c("cornflowerblue", "green", "yellow", "darkorchid1")
INFO [2022-01-19 19:31:47] 
INFO [2022-01-19 19:31:47] $alpha
INFO [2022-01-19 19:31:47] [1] 0.5
INFO [2022-01-19 19:31:47] 
INFO [2022-01-19 19:31:47] $label.col
INFO [2022-01-19 19:31:47] c("orange", "white", "darkorchid4", "white", "white", "white", 
INFO [2022-01-19 19:31:47]     "white", "white", "darkblue", "white", "white", "white", 
INFO [2022-01-19 19:31:47]     "white", "darkgreen", "white")
INFO [2022-01-19 19:31:47] 
INFO [2022-01-19 19:31:47] $cex
INFO [2022-01-19 19:31:47] [1] 1.5
INFO [2022-01-19 19:31:47] 
INFO [2022-01-19 19:31:47] $fontfamily
INFO [2022-01-19 19:31:47] [1] "serif"
INFO [2022-01-19 19:31:47] 
INFO [2022-01-19 19:31:47] $fontface
INFO [2022-01-19 19:31:47] [1] "bold"
INFO [2022-01-19 19:31:47] 
INFO [2022-01-19 19:31:47] $cat.col
INFO [2022-01-19 19:31:47] c("darkblue", "darkgreen", "orange", "darkorchid4")
INFO [2022-01-19 19:31:47] 
INFO [2022-01-19 19:31:47] $cat.cex
INFO [2022-01-19 19:31:47] [1] 1.5
INFO [2022-01-19 19:31:47] 
INFO [2022-01-19 19:31:47] $cat.pos
INFO [2022-01-19 19:31:47] [1] 0
INFO [2022-01-19 19:31:47] 
INFO [2022-01-19 19:31:47] $cat.dist
INFO [2022-01-19 19:31:47] [1] 0.07
INFO [2022-01-19 19:31:47] 
INFO [2022-01-19 19:31:47] $cat.fontfamily
INFO [2022-01-19 19:31:47] [1] "serif"
INFO [2022-01-19 19:31:47] 
INFO [2022-01-19 19:31:47] $rotation.degree
INFO [2022-01-19 19:31:47] [1] 270
INFO [2022-01-19 19:31:47] 
INFO [2022-01-19 19:31:47] $margin
INFO [2022-01-19 19:31:47] [1] 0.2
INFO [2022-01-19 19:31:47] 
