INFO [2022-01-19 18:57:33] $x
INFO [2022-01-19 18:57:33] list(A.cervicornis = acerv$GO.IDs, M.cavernosa = mcav$GO.IDs, 
INFO [2022-01-19 18:57:33]     O.faveolata = ofav$GO.IDs, P.lobata = plob$GO.IDs)
INFO [2022-01-19 18:57:33] 
INFO [2022-01-19 18:57:33] $filename
INFO [2022-01-19 18:57:33] [1] "Output/Figs/venn_mydata_ALLontologies.png"
INFO [2022-01-19 18:57:33] 
INFO [2022-01-19 18:57:33] $col
INFO [2022-01-19 18:57:33] [1] "transparent"
INFO [2022-01-19 18:57:33] 
INFO [2022-01-19 18:57:33] $fill
INFO [2022-01-19 18:57:33] c("cornflowerblue", "green", "yellow", "darkorchid1")
INFO [2022-01-19 18:57:33] 
INFO [2022-01-19 18:57:33] $alpha
INFO [2022-01-19 18:57:33] [1] 0.5
INFO [2022-01-19 18:57:33] 
INFO [2022-01-19 18:57:33] $label.col
INFO [2022-01-19 18:57:33] c("orange", "white", "darkorchid4", "white", "white", "white", 
INFO [2022-01-19 18:57:33]     "white", "white", "darkblue", "white", "white", "white", 
INFO [2022-01-19 18:57:33]     "white", "darkgreen", "white")
INFO [2022-01-19 18:57:33] 
INFO [2022-01-19 18:57:33] $cex
INFO [2022-01-19 18:57:33] [1] 1.5
INFO [2022-01-19 18:57:33] 
INFO [2022-01-19 18:57:33] $fontfamily
INFO [2022-01-19 18:57:33] [1] "serif"
INFO [2022-01-19 18:57:33] 
INFO [2022-01-19 18:57:33] $fontface
INFO [2022-01-19 18:57:33] [1] "bold"
INFO [2022-01-19 18:57:33] 
INFO [2022-01-19 18:57:33] $cat.col
INFO [2022-01-19 18:57:33] c("darkblue", "darkgreen", "orange", "darkorchid4")
INFO [2022-01-19 18:57:33] 
INFO [2022-01-19 18:57:33] $cat.cex
INFO [2022-01-19 18:57:33] [1] 1.5
INFO [2022-01-19 18:57:33] 
INFO [2022-01-19 18:57:33] $cat.pos
INFO [2022-01-19 18:57:33] [1] 0
INFO [2022-01-19 18:57:33] 
INFO [2022-01-19 18:57:33] $cat.dist
INFO [2022-01-19 18:57:33] [1] 0.07
INFO [2022-01-19 18:57:33] 
INFO [2022-01-19 18:57:33] $cat.fontfamily
INFO [2022-01-19 18:57:33] [1] "serif"
INFO [2022-01-19 18:57:33] 
INFO [2022-01-19 18:57:33] $rotation.degree
INFO [2022-01-19 18:57:33] [1] 270
INFO [2022-01-19 18:57:33] 
INFO [2022-01-19 18:57:33] $margin
INFO [2022-01-19 18:57:33] [1] 0.2
INFO [2022-01-19 18:57:33] 
